
Thursday, 23 Mar 2017 22:19:50 GMT (1): Starting script: "~/Documents/Projects/Character%20Sheets/scripts/Tools.jsxinc"
Thursday, 23 Mar 2017 22:19:50 GMT (2): Exporting 354 Illustrator files as PDFs: ~/Documents/Projects/Character Sheets/pages/Languages/US English/Pathfinder, object Object {"~/Documents/Projects/Character Sheets/assets/languages/american/": ~/Documents/Projects/Character Sheets/assets/languages/american/pathfinder}
Thursday, 23 Mar 2017 22:19:55 GMT (1): Exporting file as PDF: ~/Documents/Projects/Character Sheets/pages/Languages/US English/Pathfinder/Advanced/Alchemist.ai
Thursday, 23 Mar 2017 22:19:56 GMT (1): Exporting file as PDF: ~/Documents/Projects/Character Sheets/pages/Languages/US English/Pathfinder/Advanced/Cavalier.ai
Thursday, 23 Mar 2017 22:19:57 GMT (1): Exporting file as PDF: ~/Documents/Projects/Character Sheets/pages/Languages/US English/Pathfinder/Advanced/Inquisitor.ai
Thursday, 23 Mar 2017 22:19:57 GMT (1): Exporting file as PDF: ~/Documents/Projects/Character Sheets/pages/Languages/US English/Pathfinder/Advanced/Oracle.ai
Thursday, 23 Mar 2017 22:19:58 GMT (1): Exporting file as PDF: ~/Documents/Projects/Character Sheets/pages/Languages/US English/Pathfinder/Advanced/Witch A.ai
Thursday, 23 Mar 2017 22:19:59 GMT (1): Exporting file as PDF: ~/Documents/Projects/Character Sheets/pages/Languages/US English/Pathfinder/Advanced/Witch B.ai
Thursday, 23 Mar 2017 22:19:59 GMT (1): Exporting file as PDF: ~/Documents/Projects/Character Sheets/pages/Languages/US English/Pathfinder/Advanced/Witch.ai
Thursday, 23 Mar 2017 22:20:00 GMT (1): Exporting file as PDF: ~/Documents/Projects/Character Sheets/pages/Languages/US English/Pathfinder/Advanced/Summoner/Eidolon - Combat.ai
Thursday, 23 Mar 2017 22:20:01 GMT (1): Exporting file as PDF: ~/Documents/Projects/Character Sheets/pages/Languages/US English/Pathfinder/Advanced/Summoner/Eidolon.ai
Thursday, 23 Mar 2017 22:20:01 GMT (1): Exporting file as PDF: ~/Documents/Projects/Character Sheets/pages/Languages/US English/Pathfinder/Advanced/Summoner/Summoner.ai
Thursday, 23 Mar 2017 22:20:02 GMT (1): Exporting file as PDF: ~/Documents/Projects/Character Sheets/pages/Languages/US English/Pathfinder/Advanced Class Guide/Arcanist.ai
Thursday, 23 Mar 2017 22:20:02 GMT (1): Exporting file as PDF: ~/Documents/Projects/Character Sheets/pages/Languages/US English/Pathfinder/Advanced Class Guide/Bloodrager.ai
Thursday, 23 Mar 2017 22:20:03 GMT (1): Exporting file as PDF: ~/Documents/Projects/Character Sheets/pages/Languages/US English/Pathfinder/Advanced Class Guide/Brawler.ai
Thursday, 23 Mar 2017 22:20:04 GMT (1): Exporting file as PDF: ~/Documents/Projects/Character Sheets/pages/Languages/US English/Pathfinder/Advanced Class Guide/Hunter.ai
Thursday, 23 Mar 2017 22:20:05 GMT (1): Exporting file as PDF: ~/Documents/Projects/Character Sheets/pages/Languages/US English/Pathfinder/Advanced Class Guide/Investigator.ai
Thursday, 23 Mar 2017 22:20:06 GMT (1): Exporting file as PDF: ~/Documents/Projects/Character Sheets/pages/Languages/US English/Pathfinder/Advanced Class Guide/Shaman.ai
Thursday, 23 Mar 2017 22:20:06 GMT (1): Exporting file as PDF: ~/Documents/Projects/Character Sheets/pages/Languages/US English/Pathfinder/Advanced Class Guide/Skald.ai
Thursday, 23 Mar 2017 22:20:07 GMT (1): Exporting file as PDF: ~/Documents/Projects/Character Sheets/pages/Languages/US English/Pathfinder/Advanced Class Guide/Slayer.ai
Thursday, 23 Mar 2017 22:20:08 GMT (1): Exporting file as PDF: ~/Documents/Projects/Character Sheets/pages/Languages/US English/Pathfinder/Advanced Class Guide/Swashbuckler.ai
Thursday, 23 Mar 2017 22:20:09 GMT (1): Exporting file as PDF: ~/Documents/Projects/Character Sheets/pages/Languages/US English/Pathfinder/Advanced Class Guide/Warpriest.ai
Thursday, 23 Mar 2017 22:20:09 GMT (0): Sleeping: #20
Thursday, 23 Mar 2017 22:20:15 GMT (1): Exporting file as PDF: ~/Documents/Projects/Character Sheets/pages/Languages/US English/Pathfinder/Archetypes/Barbarian/Armoured Hulk.ai
Thursday, 23 Mar 2017 22:20:15 GMT (1): Exporting file as PDF: ~/Documents/Projects/Character Sheets/pages/Languages/US English/Pathfinder/Archetypes/Barbarian/Breaker.ai
Thursday, 23 Mar 2017 22:20:16 GMT (1): Exporting file as PDF: ~/Documents/Projects/Character Sheets/pages/Languages/US English/Pathfinder/Archetypes/Barbarian/Brutal Pugilist.ai
Thursday, 23 Mar 2017 22:20:17 GMT (1): Exporting file as PDF: ~/Documents/Projects/Character Sheets/pages/Languages/US English/Pathfinder/Archetypes/Barbarian/Drunken Brute.ai
Thursday, 23 Mar 2017 22:20:17 GMT (1): Exporting file as PDF: ~/Documents/Projects/Character Sheets/pages/Languages/US English/Pathfinder/Archetypes/Barbarian/Elemental Kin.ai
Thursday, 23 Mar 2017 22:20:18 GMT (1): Exporting file as PDF: ~/Documents/Projects/Character Sheets/pages/Languages/US English/Pathfinder/Archetypes/Barbarian/Hurler.ai
Thursday, 23 Mar 2017 22:20:19 GMT (1): Exporting file as PDF: ~/Documents/Projects/Character Sheets/pages/Languages/US English/Pathfinder/Archetypes/Barbarian/Invulnerable Rager.ai
Thursday, 23 Mar 2017 22:20:19 GMT (1): Exporting file as PDF: ~/Documents/Projects/Character Sheets/pages/Languages/US English/Pathfinder/Archetypes/Barbarian/Mounted Fury.ai
Thursday, 23 Mar 2017 22:20:20 GMT (1): Exporting file as PDF: ~/Documents/Projects/Character Sheets/pages/Languages/US English/Pathfinder/Archetypes/Barbarian/Savage Barbarian.ai
Thursday, 23 Mar 2017 22:20:21 GMT (1): Exporting file as PDF: ~/Documents/Projects/Character Sheets/pages/Languages/US English/Pathfinder/Archetypes/Barbarian/Scarred Rager.ai
Thursday, 23 Mar 2017 22:20:21 GMT (1): Exporting file as PDF: ~/Documents/Projects/Character Sheets/pages/Languages/US English/Pathfinder/Archetypes/Barbarian/Sea Reaver.ai
Thursday, 23 Mar 2017 22:20:22 GMT (1): Exporting file as PDF: ~/Documents/Projects/Character Sheets/pages/Languages/US English/Pathfinder/Archetypes/Barbarian/Superstitious Barbarian.ai
Thursday, 23 Mar 2017 22:20:23 GMT (1): Exporting file as PDF: ~/Documents/Projects/Character Sheets/pages/Languages/US English/Pathfinder/Archetypes/Barbarian/Titan Mauler.ai
Thursday, 23 Mar 2017 22:20:24 GMT (1): Exporting file as PDF: ~/Documents/Projects/Character Sheets/pages/Languages/US English/Pathfinder/Archetypes/Barbarian/True Primitive.ai
Thursday, 23 Mar 2017 22:20:24 GMT (1): Exporting file as PDF: ~/Documents/Projects/Character Sheets/pages/Languages/US English/Pathfinder/Archetypes/Barbarian/Urban Barbarian.ai
Thursday, 23 Mar 2017 22:20:25 GMT (1): Exporting file as PDF: ~/Documents/Projects/Character Sheets/pages/Languages/US English/Pathfinder/Archetypes/Barbarian/Wild Rager.ai
Thursday, 23 Mar 2017 22:20:26 GMT (1): Exporting file as PDF: ~/Documents/Projects/Character Sheets/pages/Languages/US English/Pathfinder/Archetypes/Bard/Animal Speaker.ai
Thursday, 23 Mar 2017 22:20:26 GMT (1): Exporting file as PDF: ~/Documents/Projects/Character Sheets/pages/Languages/US English/Pathfinder/Archetypes/Bard/Arcane Duelist.ai
Thursday, 23 Mar 2017 22:20:27 GMT (1): Exporting file as PDF: ~/Documents/Projects/Character Sheets/pages/Languages/US English/Pathfinder/Archetypes/Bard/Archaeologist.ai
Thursday, 23 Mar 2017 22:20:28 GMT (1): Exporting file as PDF: ~/Documents/Projects/Character Sheets/pages/Languages/US English/Pathfinder/Archetypes/Bard/Archivist.ai
Thursday, 23 Mar 2017 22:20:28 GMT (0): Sleeping: #40
Thursday, 23 Mar 2017 22:20:34 GMT (1): Exporting file as PDF: ~/Documents/Projects/Character Sheets/pages/Languages/US English/Pathfinder/Archetypes/Bard/Celebrity.ai
Thursday, 23 Mar 2017 22:20:34 GMT (1): Exporting file as PDF: ~/Documents/Projects/Character Sheets/pages/Languages/US English/Pathfinder/Archetypes/Bard/Court Bard.ai
Thursday, 23 Mar 2017 22:20:35 GMT (1): Exporting file as PDF: ~/Documents/Projects/Character Sheets/pages/Languages/US English/Pathfinder/Archetypes/Bard/Daredevil.ai
Thursday, 23 Mar 2017 22:20:36 GMT (1): Exporting file as PDF: ~/Documents/Projects/Character Sheets/pages/Languages/US English/Pathfinder/Archetypes/Bard/Demagogue.ai
Thursday, 23 Mar 2017 22:20:36 GMT (1): Exporting file as PDF: ~/Documents/Projects/Character Sheets/pages/Languages/US English/Pathfinder/Archetypes/Bard/Dervish Dancer.ai
Thursday, 23 Mar 2017 22:20:37 GMT (1): Exporting file as PDF: ~/Documents/Projects/Character Sheets/pages/Languages/US English/Pathfinder/Archetypes/Bard/Dervish of Dawn.ai
Thursday, 23 Mar 2017 22:20:38 GMT (1): Exporting file as PDF: ~/Documents/Projects/Character Sheets/pages/Languages/US English/Pathfinder/Archetypes/Bard/Detective.ai
Thursday, 23 Mar 2017 22:20:39 GMT (1): Exporting file as PDF: ~/Documents/Projects/Character Sheets/pages/Languages/US English/Pathfinder/Archetypes/Bard/Dirge Bard.ai
Thursday, 23 Mar 2017 22:20:39 GMT (1): Exporting file as PDF: ~/Documents/Projects/Character Sheets/pages/Languages/US English/Pathfinder/Archetypes/Bard/Dragon Herald.ai
Thursday, 23 Mar 2017 22:20:40 GMT (1): Exporting file as PDF: ~/Documents/Projects/Character Sheets/pages/Languages/US English/Pathfinder/Archetypes/Bard/Geisha.ai
Thursday, 23 Mar 2017 22:20:41 GMT (1): Exporting file as PDF: ~/Documents/Projects/Character Sheets/pages/Languages/US English/Pathfinder/Archetypes/Bard/Magician.ai
Thursday, 23 Mar 2017 22:20:42 GMT (1): Exporting file as PDF: ~/Documents/Projects/Character Sheets/pages/Languages/US English/Pathfinder/Archetypes/Bard/Sandman.ai
Thursday, 23 Mar 2017 22:20:42 GMT (1): Exporting file as PDF: ~/Documents/Projects/Character Sheets/pages/Languages/US English/Pathfinder/Archetypes/Bard/Savage Skald.ai
Thursday, 23 Mar 2017 22:20:43 GMT (1): Exporting file as PDF: ~/Documents/Projects/Character Sheets/pages/Languages/US English/Pathfinder/Archetypes/Bard/Sea Singer.ai
Thursday, 23 Mar 2017 22:20:44 GMT (1): Exporting file as PDF: ~/Documents/Projects/Character Sheets/pages/Languages/US English/Pathfinder/Archetypes/Bard/Songhealer.ai
Thursday, 23 Mar 2017 22:20:44 GMT (1): Exporting file as PDF: ~/Documents/Projects/Character Sheets/pages/Languages/US English/Pathfinder/Archetypes/Bard/Sound Striker.ai
Thursday, 23 Mar 2017 22:20:45 GMT (1): Exporting file as PDF: ~/Documents/Projects/Character Sheets/pages/Languages/US English/Pathfinder/Archetypes/Bard/Street Performer.ai
Thursday, 23 Mar 2017 22:20:46 GMT (1): Exporting file as PDF: ~/Documents/Projects/Character Sheets/pages/Languages/US English/Pathfinder/Archetypes/Bloodrager/Steelblood.ai
Thursday, 23 Mar 2017 22:20:46 GMT (1): Exporting file as PDF: ~/Documents/Projects/Character Sheets/pages/Languages/US English/Pathfinder/Archetypes/Cleric/Cleric - one domain.ai
Thursday, 23 Mar 2017 22:20:47 GMT (1): Exporting file as PDF: ~/Documents/Projects/Character Sheets/pages/Languages/US English/Pathfinder/Archetypes/Cleric/Cloistered Cleric.ai
Thursday, 23 Mar 2017 22:20:48 GMT (0): Sleeping: #60
Thursday, 23 Mar 2017 22:20:53 GMT (1): Exporting file as PDF: ~/Documents/Projects/Character Sheets/pages/Languages/US English/Pathfinder/Archetypes/Cleric/Crusader.ai
Thursday, 23 Mar 2017 22:20:54 GMT (1): Exporting file as PDF: ~/Documents/Projects/Character Sheets/pages/Languages/US English/Pathfinder/Archetypes/Cleric/Divine Strategist.ai
Thursday, 23 Mar 2017 22:20:54 GMT (1): Exporting file as PDF: ~/Documents/Projects/Character Sheets/pages/Languages/US English/Pathfinder/Archetypes/Cleric/Evangelist.ai
Thursday, 23 Mar 2017 22:20:55 GMT (1): Exporting file as PDF: ~/Documents/Projects/Character Sheets/pages/Languages/US English/Pathfinder/Archetypes/Cleric/Merciful Healer.ai
Thursday, 23 Mar 2017 22:20:56 GMT (1): Exporting file as PDF: ~/Documents/Projects/Character Sheets/pages/Languages/US English/Pathfinder/Archetypes/Cleric/Separatist.ai
Thursday, 23 Mar 2017 22:20:57 GMT (1): Exporting file as PDF: ~/Documents/Projects/Character Sheets/pages/Languages/US English/Pathfinder/Archetypes/Cleric/Theologian.ai
Thursday, 23 Mar 2017 22:20:57 GMT (1): Exporting file as PDF: ~/Documents/Projects/Character Sheets/pages/Languages/US English/Pathfinder/Archetypes/Cleric/Undead Lord.ai
Thursday, 23 Mar 2017 22:20:58 GMT (1): Exporting file as PDF: ~/Documents/Projects/Character Sheets/pages/Languages/US English/Pathfinder/Archetypes/Druid/Aquatic Druid (Animal Companion).ai
Thursday, 23 Mar 2017 22:20:59 GMT (1): Exporting file as PDF: ~/Documents/Projects/Character Sheets/pages/Languages/US English/Pathfinder/Archetypes/Druid/Aquatic Druid (Domain).ai
Thursday, 23 Mar 2017 22:20:59 GMT (1): Exporting file as PDF: ~/Documents/Projects/Character Sheets/pages/Languages/US English/Pathfinder/Archetypes/Druid/Arctic Druid (Animal Companion).ai
Thursday, 23 Mar 2017 22:21:00 GMT (1): Exporting file as PDF: ~/Documents/Projects/Character Sheets/pages/Languages/US English/Pathfinder/Archetypes/Druid/Arctic Druid (Domain).ai
Thursday, 23 Mar 2017 22:21:00 GMT (1): Exporting file as PDF: ~/Documents/Projects/Character Sheets/pages/Languages/US English/Pathfinder/Archetypes/Druid/Blight Druid (Domain).ai
Thursday, 23 Mar 2017 22:21:01 GMT (1): Exporting file as PDF: ~/Documents/Projects/Character Sheets/pages/Languages/US English/Pathfinder/Archetypes/Druid/Blight Druid (Familiar).ai
Thursday, 23 Mar 2017 22:21:02 GMT (1): Exporting file as PDF: ~/Documents/Projects/Character Sheets/pages/Languages/US English/Pathfinder/Archetypes/Druid/Cave Druid (Animal Companion).ai
Thursday, 23 Mar 2017 22:21:02 GMT (1): Exporting file as PDF: ~/Documents/Projects/Character Sheets/pages/Languages/US English/Pathfinder/Archetypes/Druid/Cave Druid (Domain).ai
Thursday, 23 Mar 2017 22:21:03 GMT (1): Exporting file as PDF: ~/Documents/Projects/Character Sheets/pages/Languages/US English/Pathfinder/Archetypes/Druid/Desert Druid (Animal Companion).ai
Thursday, 23 Mar 2017 22:21:04 GMT (1): Exporting file as PDF: ~/Documents/Projects/Character Sheets/pages/Languages/US English/Pathfinder/Archetypes/Druid/Desert Druid (Domain).ai
Thursday, 23 Mar 2017 22:21:04 GMT (1): Exporting file as PDF: ~/Documents/Projects/Character Sheets/pages/Languages/US English/Pathfinder/Archetypes/Druid/Druid (Animal Companion).ai
Thursday, 23 Mar 2017 22:21:05 GMT (1): Exporting file as PDF: ~/Documents/Projects/Character Sheets/pages/Languages/US English/Pathfinder/Archetypes/Druid/Druid (Domain).ai
Thursday, 23 Mar 2017 22:21:06 GMT (1): Exporting file as PDF: ~/Documents/Projects/Character Sheets/pages/Languages/US English/Pathfinder/Archetypes/Druid/Jungle Druid (Animal Companion).ai
Thursday, 23 Mar 2017 22:21:06 GMT (0): Sleeping: #80
Thursday, 23 Mar 2017 22:21:11 GMT (1): Exporting file as PDF: ~/Documents/Projects/Character Sheets/pages/Languages/US English/Pathfinder/Archetypes/Druid/Jungle Druid (Domain).ai
Thursday, 23 Mar 2017 22:21:12 GMT (1): Exporting file as PDF: ~/Documents/Projects/Character Sheets/pages/Languages/US English/Pathfinder/Archetypes/Druid/Menhir Savant (Animal Companion).ai
Thursday, 23 Mar 2017 22:21:13 GMT (1): Exporting file as PDF: ~/Documents/Projects/Character Sheets/pages/Languages/US English/Pathfinder/Archetypes/Druid/Menhir Savant (Domain).ai
Thursday, 23 Mar 2017 22:21:13 GMT (1): Exporting file as PDF: ~/Documents/Projects/Character Sheets/pages/Languages/US English/Pathfinder/Archetypes/Druid/Mooncaller (Animal Companion).ai
Thursday, 23 Mar 2017 22:21:14 GMT (1): Exporting file as PDF: ~/Documents/Projects/Character Sheets/pages/Languages/US English/Pathfinder/Archetypes/Druid/Mooncaller (Domain).ai
Thursday, 23 Mar 2017 22:21:15 GMT (1): Exporting file as PDF: ~/Documents/Projects/Character Sheets/pages/Languages/US English/Pathfinder/Archetypes/Druid/Mountain Druid (Animal Companion).ai
Thursday, 23 Mar 2017 22:21:15 GMT (1): Exporting file as PDF: ~/Documents/Projects/Character Sheets/pages/Languages/US English/Pathfinder/Archetypes/Druid/Mountain Druid (Domain).ai
Thursday, 23 Mar 2017 22:21:16 GMT (1): Exporting file as PDF: ~/Documents/Projects/Character Sheets/pages/Languages/US English/Pathfinder/Archetypes/Druid/Pack Lord.ai
Thursday, 23 Mar 2017 22:21:17 GMT (1): Exporting file as PDF: ~/Documents/Projects/Character Sheets/pages/Languages/US English/Pathfinder/Archetypes/Druid/Plains Druid (Animal Companion).ai
Thursday, 23 Mar 2017 22:21:18 GMT (1): Exporting file as PDF: ~/Documents/Projects/Character Sheets/pages/Languages/US English/Pathfinder/Archetypes/Druid/Plains Druid (Domain).ai
Thursday, 23 Mar 2017 22:21:19 GMT (1): Exporting file as PDF: ~/Documents/Projects/Character Sheets/pages/Languages/US English/Pathfinder/Archetypes/Druid/Reincarnated Druid (Animal Companion).ai
Thursday, 23 Mar 2017 22:21:19 GMT (1): Exporting file as PDF: ~/Documents/Projects/Character Sheets/pages/Languages/US English/Pathfinder/Archetypes/Druid/Reincarnated Druid (Domain).ai
Thursday, 23 Mar 2017 22:21:20 GMT (1): Exporting file as PDF: ~/Documents/Projects/Character Sheets/pages/Languages/US English/Pathfinder/Archetypes/Druid/Shaman (Animal Companion).ai
Thursday, 23 Mar 2017 22:21:21 GMT (1): Exporting file as PDF: ~/Documents/Projects/Character Sheets/pages/Languages/US English/Pathfinder/Archetypes/Druid/Shaman (Domain).ai
Thursday, 23 Mar 2017 22:21:22 GMT (1): Exporting file as PDF: ~/Documents/Projects/Character Sheets/pages/Languages/US English/Pathfinder/Archetypes/Druid/Storm Druid.ai
Thursday, 23 Mar 2017 22:21:23 GMT (1): Exporting file as PDF: ~/Documents/Projects/Character Sheets/pages/Languages/US English/Pathfinder/Archetypes/Druid/Swamp Druid (Animal Companion).ai
Thursday, 23 Mar 2017 22:21:24 GMT (1): Exporting file as PDF: ~/Documents/Projects/Character Sheets/pages/Languages/US English/Pathfinder/Archetypes/Druid/Swamp Druid (Domain).ai
Thursday, 23 Mar 2017 22:21:24 GMT (1): Exporting file as PDF: ~/Documents/Projects/Character Sheets/pages/Languages/US English/Pathfinder/Archetypes/Druid/Urban Druid.ai
Thursday, 23 Mar 2017 22:21:25 GMT (1): Exporting file as PDF: ~/Documents/Projects/Character Sheets/pages/Languages/US English/Pathfinder/Archetypes/Druid/World Walker (Animal Companion).ai
Thursday, 23 Mar 2017 22:21:26 GMT (1): Exporting file as PDF: ~/Documents/Projects/Character Sheets/pages/Languages/US English/Pathfinder/Archetypes/Druid/World Walker (Domain).ai
Thursday, 23 Mar 2017 22:21:26 GMT (0): Sleeping: #100
Thursday, 23 Mar 2017 22:21:32 GMT (1): Exporting file as PDF: ~/Documents/Projects/Character Sheets/pages/Languages/US English/Pathfinder/Archetypes/Druid/World Walker - Character Info.ai
Thursday, 23 Mar 2017 22:21:33 GMT (1): Exporting file as PDF: ~/Documents/Projects/Character Sheets/pages/Languages/US English/Pathfinder/Archetypes/Gunslinger/Mysterious Stranger.ai
Thursday, 23 Mar 2017 22:21:34 GMT (1): Exporting file as PDF: ~/Documents/Projects/Character Sheets/pages/Languages/US English/Pathfinder/Archetypes/Investigator/Empiricist.ai
Thursday, 23 Mar 2017 22:21:35 GMT (1): Exporting file as PDF: ~/Documents/Projects/Character Sheets/pages/Languages/US English/Pathfinder/Archetypes/Investigator/Steel Hound.ai
Thursday, 23 Mar 2017 22:21:35 GMT (1): Exporting file as PDF: ~/Documents/Projects/Character Sheets/pages/Languages/US English/Pathfinder/Archetypes/Monk/Drunken Master.ai
Thursday, 23 Mar 2017 22:21:36 GMT (1): Exporting file as PDF: ~/Documents/Projects/Character Sheets/pages/Languages/US English/Pathfinder/Archetypes/Monk/Flowing Monk.ai
Thursday, 23 Mar 2017 22:21:37 GMT (1): Exporting file as PDF: ~/Documents/Projects/Character Sheets/pages/Languages/US English/Pathfinder/Archetypes/Monk/Hungry Ghost Monk.ai
Thursday, 23 Mar 2017 22:21:39 GMT (1): Exporting file as PDF: ~/Documents/Projects/Character Sheets/pages/Languages/US English/Pathfinder/Archetypes/Monk/Ki Mystic.ai
Thursday, 23 Mar 2017 22:21:40 GMT (1): Exporting file as PDF: ~/Documents/Projects/Character Sheets/pages/Languages/US English/Pathfinder/Archetypes/Monk/Manoeuvre Master.ai
Thursday, 23 Mar 2017 22:21:41 GMT (1): Exporting file as PDF: ~/Documents/Projects/Character Sheets/pages/Languages/US English/Pathfinder/Archetypes/Monk/Martial Artist.ai
Thursday, 23 Mar 2017 22:21:42 GMT (1): Exporting file as PDF: ~/Documents/Projects/Character Sheets/pages/Languages/US English/Pathfinder/Archetypes/Monk/Master of Many Styles.ai
Thursday, 23 Mar 2017 22:21:43 GMT (1): Exporting file as PDF: ~/Documents/Projects/Character Sheets/pages/Languages/US English/Pathfinder/Archetypes/Monk/Monk - Combat (without Flurry of Blows).ai
Thursday, 23 Mar 2017 22:21:44 GMT (1): Exporting file as PDF: ~/Documents/Projects/Character Sheets/pages/Languages/US English/Pathfinder/Archetypes/Monk/Monk of the Empty Hand.ai
Thursday, 23 Mar 2017 22:21:45 GMT (1): Exporting file as PDF: ~/Documents/Projects/Character Sheets/pages/Languages/US English/Pathfinder/Archetypes/Monk/Monk of the Four Winds.ai
Thursday, 23 Mar 2017 22:21:46 GMT (1): Exporting file as PDF: ~/Documents/Projects/Character Sheets/pages/Languages/US English/Pathfinder/Archetypes/Monk/Monk of the Healing Hand.ai
Thursday, 23 Mar 2017 22:21:47 GMT (1): Exporting file as PDF: ~/Documents/Projects/Character Sheets/pages/Languages/US English/Pathfinder/Archetypes/Monk/Monk of the Lotus.ai
Thursday, 23 Mar 2017 22:21:48 GMT (1): Exporting file as PDF: ~/Documents/Projects/Character Sheets/pages/Languages/US English/Pathfinder/Archetypes/Monk/Monk of the Sacred Mountain.ai
Thursday, 23 Mar 2017 22:21:49 GMT (1): Exporting file as PDF: ~/Documents/Projects/Character Sheets/pages/Languages/US English/Pathfinder/Archetypes/Monk/Qinggong Monk.ai
Thursday, 23 Mar 2017 22:21:49 GMT (1): Exporting file as PDF: ~/Documents/Projects/Character Sheets/pages/Languages/US English/Pathfinder/Archetypes/Monk/Sensei.ai
Thursday, 23 Mar 2017 22:21:50 GMT (1): Exporting file as PDF: ~/Documents/Projects/Character Sheets/pages/Languages/US English/Pathfinder/Archetypes/Monk/Sohei.ai
Thursday, 23 Mar 2017 22:21:51 GMT (0): Sleeping: #120
Thursday, 23 Mar 2017 22:21:56 GMT (1): Exporting file as PDF: ~/Documents/Projects/Character Sheets/pages/Languages/US English/Pathfinder/Archetypes/Monk/Tetori.ai
Thursday, 23 Mar 2017 22:21:57 GMT (1): Exporting file as PDF: ~/Documents/Projects/Character Sheets/pages/Languages/US English/Pathfinder/Archetypes/Monk/Weapon Adept.ai
Thursday, 23 Mar 2017 22:21:58 GMT (1): Exporting file as PDF: ~/Documents/Projects/Character Sheets/pages/Languages/US English/Pathfinder/Archetypes/Monk/Zen Archer.ai
Thursday, 23 Mar 2017 22:21:59 GMT (1): Exporting file as PDF: ~/Documents/Projects/Character Sheets/pages/Languages/US English/Pathfinder/Archetypes/Paladin/Antipaladin.ai
Thursday, 23 Mar 2017 22:22:00 GMT (1): Exporting file as PDF: ~/Documents/Projects/Character Sheets/pages/Languages/US English/Pathfinder/Archetypes/Paladin/Chosen One.ai
Thursday, 23 Mar 2017 22:22:01 GMT (1): Exporting file as PDF: ~/Documents/Projects/Character Sheets/pages/Languages/US English/Pathfinder/Archetypes/Paladin/Divine Defender.ai
Thursday, 23 Mar 2017 22:22:02 GMT (1): Exporting file as PDF: ~/Documents/Projects/Character Sheets/pages/Languages/US English/Pathfinder/Archetypes/Paladin/Divine Hunter.ai
Thursday, 23 Mar 2017 22:22:02 GMT (1): Exporting file as PDF: ~/Documents/Projects/Character Sheets/pages/Languages/US English/Pathfinder/Archetypes/Paladin/Empyreal Knight.ai
Thursday, 23 Mar 2017 22:22:03 GMT (1): Exporting file as PDF: ~/Documents/Projects/Character Sheets/pages/Languages/US English/Pathfinder/Archetypes/Paladin/Holy Gun.ai
Thursday, 23 Mar 2017 22:22:04 GMT (1): Exporting file as PDF: ~/Documents/Projects/Character Sheets/pages/Languages/US English/Pathfinder/Archetypes/Paladin/Holy Tactician.ai
Thursday, 23 Mar 2017 22:22:05 GMT (1): Exporting file as PDF: ~/Documents/Projects/Character Sheets/pages/Languages/US English/Pathfinder/Archetypes/Paladin/Hospitaler.ai
Thursday, 23 Mar 2017 22:22:06 GMT (1): Exporting file as PDF: ~/Documents/Projects/Character Sheets/pages/Languages/US English/Pathfinder/Archetypes/Paladin/Knight of the Sepulcher.ai
Thursday, 23 Mar 2017 22:22:07 GMT (1): Exporting file as PDF: ~/Documents/Projects/Character Sheets/pages/Languages/US English/Pathfinder/Archetypes/Paladin/Sacred Servant.ai
Thursday, 23 Mar 2017 22:22:07 GMT (1): Exporting file as PDF: ~/Documents/Projects/Character Sheets/pages/Languages/US English/Pathfinder/Archetypes/Paladin/Sacred Shield.ai
Thursday, 23 Mar 2017 22:22:08 GMT (1): Exporting file as PDF: ~/Documents/Projects/Character Sheets/pages/Languages/US English/Pathfinder/Archetypes/Paladin/Shining Knight.ai
Thursday, 23 Mar 2017 22:22:09 GMT (1): Exporting file as PDF: ~/Documents/Projects/Character Sheets/pages/Languages/US English/Pathfinder/Archetypes/Paladin/Undead Scourge.ai
Thursday, 23 Mar 2017 22:22:10 GMT (1): Exporting file as PDF: ~/Documents/Projects/Character Sheets/pages/Languages/US English/Pathfinder/Archetypes/Paladin/Warrior of the Holy Light.ai
Thursday, 23 Mar 2017 22:22:11 GMT (1): Exporting file as PDF: ~/Documents/Projects/Character Sheets/pages/Languages/US English/Pathfinder/Archetypes/Paladin/_Paladin.ai
Thursday, 23 Mar 2017 22:22:11 GMT (1): Exporting file as PDF: ~/Documents/Projects/Character Sheets/pages/Languages/US English/Pathfinder/Archetypes/Paladin/Oathbound/Oath against Corruption.ai
Thursday, 23 Mar 2017 22:22:12 GMT (1): Exporting file as PDF: ~/Documents/Projects/Character Sheets/pages/Languages/US English/Pathfinder/Archetypes/Paladin/Oathbound/Oath against Fiends.ai
Thursday, 23 Mar 2017 22:22:13 GMT (0): Sleeping: #140
Thursday, 23 Mar 2017 22:22:18 GMT (1): Exporting file as PDF: ~/Documents/Projects/Character Sheets/pages/Languages/US English/Pathfinder/Archetypes/Paladin/Oathbound/Oath against Savagery.ai
Thursday, 23 Mar 2017 22:22:19 GMT (1): Exporting file as PDF: ~/Documents/Projects/Character Sheets/pages/Languages/US English/Pathfinder/Archetypes/Paladin/Oathbound/Oath against the Wyrm.ai
Thursday, 23 Mar 2017 22:22:20 GMT (1): Exporting file as PDF: ~/Documents/Projects/Character Sheets/pages/Languages/US English/Pathfinder/Archetypes/Paladin/Oathbound/Oath against Undeath.ai
Thursday, 23 Mar 2017 22:22:21 GMT (1): Exporting file as PDF: ~/Documents/Projects/Character Sheets/pages/Languages/US English/Pathfinder/Archetypes/Paladin/Oathbound/Oath of Charity.ai
Thursday, 23 Mar 2017 22:22:22 GMT (1): Exporting file as PDF: ~/Documents/Projects/Character Sheets/pages/Languages/US English/Pathfinder/Archetypes/Paladin/Oathbound/Oath of Chastity.ai
Thursday, 23 Mar 2017 22:22:22 GMT (1): Exporting file as PDF: ~/Documents/Projects/Character Sheets/pages/Languages/US English/Pathfinder/Archetypes/Paladin/Oathbound/Oath of Loyalty.ai
Thursday, 23 Mar 2017 22:22:23 GMT (1): Exporting file as PDF: ~/Documents/Projects/Character Sheets/pages/Languages/US English/Pathfinder/Archetypes/Paladin/Oathbound/Oath of Vengeance.ai
Thursday, 23 Mar 2017 22:22:24 GMT (1): Exporting file as PDF: ~/Documents/Projects/Character Sheets/pages/Languages/US English/Pathfinder/Archetypes/Paladin/Oathbound/Oathbound Paladin.ai
Thursday, 23 Mar 2017 22:22:25 GMT (1): Exporting file as PDF: ~/Documents/Projects/Character Sheets/pages/Languages/US English/Pathfinder/Archetypes/Ranger/Battle Scout.ai
Thursday, 23 Mar 2017 22:22:26 GMT (1): Exporting file as PDF: ~/Documents/Projects/Character Sheets/pages/Languages/US English/Pathfinder/Archetypes/Ranger/Beast Master.ai
Thursday, 23 Mar 2017 22:22:27 GMT (1): Exporting file as PDF: ~/Documents/Projects/Character Sheets/pages/Languages/US English/Pathfinder/Archetypes/Ranger/Deep Walker.ai
Thursday, 23 Mar 2017 22:22:27 GMT (1): Exporting file as PDF: ~/Documents/Projects/Character Sheets/pages/Languages/US English/Pathfinder/Archetypes/Ranger/Falconer.ai
Thursday, 23 Mar 2017 22:22:28 GMT (1): Exporting file as PDF: ~/Documents/Projects/Character Sheets/pages/Languages/US English/Pathfinder/Archetypes/Ranger/Guide.ai
Thursday, 23 Mar 2017 22:22:29 GMT (1): Exporting file as PDF: ~/Documents/Projects/Character Sheets/pages/Languages/US English/Pathfinder/Archetypes/Ranger/Horse Lord.ai
Thursday, 23 Mar 2017 22:22:30 GMT (1): Exporting file as PDF: ~/Documents/Projects/Character Sheets/pages/Languages/US English/Pathfinder/Archetypes/Ranger/Infiltrator.ai
Thursday, 23 Mar 2017 22:22:30 GMT (1): Exporting file as PDF: ~/Documents/Projects/Character Sheets/pages/Languages/US English/Pathfinder/Archetypes/Ranger/Shapeshifter.ai
Thursday, 23 Mar 2017 22:22:31 GMT (1): Exporting file as PDF: ~/Documents/Projects/Character Sheets/pages/Languages/US English/Pathfinder/Archetypes/Ranger/Skirmisher.ai
Thursday, 23 Mar 2017 22:22:32 GMT (1): Exporting file as PDF: ~/Documents/Projects/Character Sheets/pages/Languages/US English/Pathfinder/Archetypes/Ranger/Spirit Ranger.ai
Thursday, 23 Mar 2017 22:22:33 GMT (1): Exporting file as PDF: ~/Documents/Projects/Character Sheets/pages/Languages/US English/Pathfinder/Archetypes/Ranger/Trapper.ai
Thursday, 23 Mar 2017 22:22:33 GMT (1): Exporting file as PDF: ~/Documents/Projects/Character Sheets/pages/Languages/US English/Pathfinder/Archetypes/Ranger/Trophy Hunter.ai
Thursday, 23 Mar 2017 22:22:34 GMT (0): Sleeping: #160
Thursday, 23 Mar 2017 22:22:39 GMT (1): Exporting file as PDF: ~/Documents/Projects/Character Sheets/pages/Languages/US English/Pathfinder/Archetypes/Ranger/Urban Ranger.ai
Thursday, 23 Mar 2017 22:22:40 GMT (1): Exporting file as PDF: ~/Documents/Projects/Character Sheets/pages/Languages/US English/Pathfinder/Archetypes/Ranger/Warden.ai
Thursday, 23 Mar 2017 22:22:41 GMT (1): Exporting file as PDF: ~/Documents/Projects/Character Sheets/pages/Languages/US English/Pathfinder/Archetypes/Ranger/Wild Stalker.ai
Thursday, 23 Mar 2017 22:22:41 GMT (1): Exporting file as PDF: ~/Documents/Projects/Character Sheets/pages/Languages/US English/Pathfinder/Archetypes/Ranger/Witchguard.ai
Thursday, 23 Mar 2017 22:22:42 GMT (1): Exporting file as PDF: ~/Documents/Projects/Character Sheets/pages/Languages/US English/Pathfinder/Archetypes/Rogue/Acrobat.ai
Thursday, 23 Mar 2017 22:22:43 GMT (1): Exporting file as PDF: ~/Documents/Projects/Character Sheets/pages/Languages/US English/Pathfinder/Archetypes/Rogue/Bandit.ai
Thursday, 23 Mar 2017 22:22:44 GMT (1): Exporting file as PDF: ~/Documents/Projects/Character Sheets/pages/Languages/US English/Pathfinder/Archetypes/Rogue/Burglar.ai
Thursday, 23 Mar 2017 22:22:44 GMT (1): Exporting file as PDF: ~/Documents/Projects/Character Sheets/pages/Languages/US English/Pathfinder/Archetypes/Rogue/Chameleon.ai
Thursday, 23 Mar 2017 22:22:45 GMT (1): Exporting file as PDF: ~/Documents/Projects/Character Sheets/pages/Languages/US English/Pathfinder/Archetypes/Rogue/Charlatan.ai
Thursday, 23 Mar 2017 22:22:46 GMT (1): Exporting file as PDF: ~/Documents/Projects/Character Sheets/pages/Languages/US English/Pathfinder/Archetypes/Rogue/Cutpurse.ai
Thursday, 23 Mar 2017 22:22:47 GMT (1): Exporting file as PDF: ~/Documents/Projects/Character Sheets/pages/Languages/US English/Pathfinder/Archetypes/Rogue/Driver.ai
Thursday, 23 Mar 2017 22:22:47 GMT (1): Exporting file as PDF: ~/Documents/Projects/Character Sheets/pages/Languages/US English/Pathfinder/Archetypes/Rogue/Investigator.ai
Thursday, 23 Mar 2017 22:22:48 GMT (1): Exporting file as PDF: ~/Documents/Projects/Character Sheets/pages/Languages/US English/Pathfinder/Archetypes/Rogue/Knife Master.ai
Thursday, 23 Mar 2017 22:22:49 GMT (1): Exporting file as PDF: ~/Documents/Projects/Character Sheets/pages/Languages/US English/Pathfinder/Archetypes/Rogue/Pirate.ai
Thursday, 23 Mar 2017 22:22:49 GMT (1): Exporting file as PDF: ~/Documents/Projects/Character Sheets/pages/Languages/US English/Pathfinder/Archetypes/Rogue/Poisoner.ai
Thursday, 23 Mar 2017 22:22:50 GMT (1): Exporting file as PDF: ~/Documents/Projects/Character Sheets/pages/Languages/US English/Pathfinder/Archetypes/Rogue/Rake.ai
Thursday, 23 Mar 2017 22:22:51 GMT (1): Exporting file as PDF: ~/Documents/Projects/Character Sheets/pages/Languages/US English/Pathfinder/Archetypes/Rogue/Rogue.ai
Thursday, 23 Mar 2017 22:22:52 GMT (1): Exporting file as PDF: ~/Documents/Projects/Character Sheets/pages/Languages/US English/Pathfinder/Archetypes/Rogue/Roof Runner.ai
Thursday, 23 Mar 2017 22:22:52 GMT (1): Exporting file as PDF: ~/Documents/Projects/Character Sheets/pages/Languages/US English/Pathfinder/Archetypes/Rogue/Sanctified Rogue.ai
Thursday, 23 Mar 2017 22:22:53 GMT (1): Exporting file as PDF: ~/Documents/Projects/Character Sheets/pages/Languages/US English/Pathfinder/Archetypes/Rogue/Scout.ai
Thursday, 23 Mar 2017 22:22:54 GMT (0): Sleeping: #180
Thursday, 23 Mar 2017 22:22:59 GMT (1): Exporting file as PDF: ~/Documents/Projects/Character Sheets/pages/Languages/US English/Pathfinder/Archetypes/Rogue/Sniper.ai
Thursday, 23 Mar 2017 22:23:00 GMT (1): Exporting file as PDF: ~/Documents/Projects/Character Sheets/pages/Languages/US English/Pathfinder/Archetypes/Rogue/Spy.ai
Thursday, 23 Mar 2017 22:23:00 GMT (1): Exporting file as PDF: ~/Documents/Projects/Character Sheets/pages/Languages/US English/Pathfinder/Archetypes/Rogue/Survivalist.ai
Thursday, 23 Mar 2017 22:23:01 GMT (1): Exporting file as PDF: ~/Documents/Projects/Character Sheets/pages/Languages/US English/Pathfinder/Archetypes/Rogue/Swashbuckler.ai
Thursday, 23 Mar 2017 22:23:02 GMT (1): Exporting file as PDF: ~/Documents/Projects/Character Sheets/pages/Languages/US English/Pathfinder/Archetypes/Rogue/Thug.ai
Thursday, 23 Mar 2017 22:23:03 GMT (1): Exporting file as PDF: ~/Documents/Projects/Character Sheets/pages/Languages/US English/Pathfinder/Archetypes/Rogue/Trapsmith.ai
Thursday, 23 Mar 2017 22:23:03 GMT (1): Exporting file as PDF: ~/Documents/Projects/Character Sheets/pages/Languages/US English/Pathfinder/Archetypes/Skald/Bold Schemer.ai
Thursday, 23 Mar 2017 22:23:04 GMT (1): Exporting file as PDF: ~/Documents/Projects/Character Sheets/pages/Languages/US English/Pathfinder/Archetypes/Sorcerer/Crossblooded Sorcerer.ai
Thursday, 23 Mar 2017 22:23:05 GMT (1): Exporting file as PDF: ~/Documents/Projects/Character Sheets/pages/Languages/US English/Pathfinder/Archetypes/Sorcerer/False Priest.ai
Thursday, 23 Mar 2017 22:23:06 GMT (1): Exporting file as PDF: ~/Documents/Projects/Character Sheets/pages/Languages/US English/Pathfinder/Archetypes/Sorcerer/Seeker.ai
Thursday, 23 Mar 2017 22:23:06 GMT (1): Exporting file as PDF: ~/Documents/Projects/Character Sheets/pages/Languages/US English/Pathfinder/Archetypes/Sorcerer/Tattooed Sorcerer.ai
Thursday, 23 Mar 2017 22:23:07 GMT (1): Exporting file as PDF: ~/Documents/Projects/Character Sheets/pages/Languages/US English/Pathfinder/Archetypes/Sorcerer/Wildblooded.ai
Thursday, 23 Mar 2017 22:23:08 GMT (1): Exporting file as PDF: ~/Documents/Projects/Character Sheets/pages/Languages/US English/Pathfinder/Archetypes/Summoner/Synthesist.ai
Thursday, 23 Mar 2017 22:23:09 GMT (1): Exporting file as PDF: ~/Documents/Projects/Character Sheets/pages/Languages/US English/Pathfinder/Archetypes/Vigilante/Brute.ai
Thursday, 23 Mar 2017 22:23:09 GMT (1): Exporting file as PDF: ~/Documents/Projects/Character Sheets/pages/Languages/US English/Pathfinder/Archetypes/Vigilante/Cabalist.ai
Thursday, 23 Mar 2017 22:23:10 GMT (1): Exporting file as PDF: ~/Documents/Projects/Character Sheets/pages/Languages/US English/Pathfinder/Archetypes/Vigilante/Gunmaster.ai
Thursday, 23 Mar 2017 22:23:11 GMT (1): Exporting file as PDF: ~/Documents/Projects/Character Sheets/pages/Languages/US English/Pathfinder/Archetypes/Vigilante/Magical Child - Animal Guide.ai
Thursday, 23 Mar 2017 22:23:12 GMT (1): Exporting file as PDF: ~/Documents/Projects/Character Sheets/pages/Languages/US English/Pathfinder/Archetypes/Vigilante/Magical Child.ai
Thursday, 23 Mar 2017 22:23:13 GMT (1): Exporting file as PDF: ~/Documents/Projects/Character Sheets/pages/Languages/US English/Pathfinder/Archetypes/Vigilante/Mounted Fury.ai
Thursday, 23 Mar 2017 22:23:13 GMT (1): Exporting file as PDF: ~/Documents/Projects/Character Sheets/pages/Languages/US English/Pathfinder/Archetypes/Vigilante/Psychometrist - Implements.ai
Thursday, 23 Mar 2017 22:23:14 GMT (0): Sleeping: #200
Thursday, 23 Mar 2017 22:23:19 GMT (1): Exporting file as PDF: ~/Documents/Projects/Character Sheets/pages/Languages/US English/Pathfinder/Archetypes/Vigilante/Psychometrist.ai
Thursday, 23 Mar 2017 22:23:20 GMT (1): Exporting file as PDF: ~/Documents/Projects/Character Sheets/pages/Languages/US English/Pathfinder/Archetypes/Vigilante/Warlock.ai
Thursday, 23 Mar 2017 22:23:21 GMT (1): Exporting file as PDF: ~/Documents/Projects/Character Sheets/pages/Languages/US English/Pathfinder/Archetypes/Vigilante/Wildsoul - Avenger.ai
Thursday, 23 Mar 2017 22:23:21 GMT (1): Exporting file as PDF: ~/Documents/Projects/Character Sheets/pages/Languages/US English/Pathfinder/Archetypes/Vigilante/Wildsoul - Stalker.ai
Thursday, 23 Mar 2017 22:23:22 GMT (1): Exporting file as PDF: ~/Documents/Projects/Character Sheets/pages/Languages/US English/Pathfinder/Archetypes/Vigilante/Zealot.ai
Thursday, 23 Mar 2017 22:23:23 GMT (1): Exporting file as PDF: ~/Documents/Projects/Character Sheets/pages/Languages/US English/Pathfinder/Core/Animal Companion.ai
Thursday, 23 Mar 2017 22:23:24 GMT (1): Exporting file as PDF: ~/Documents/Projects/Character Sheets/pages/Languages/US English/Pathfinder/Core/Bard.ai
Thursday, 23 Mar 2017 22:23:24 GMT (1): Exporting file as PDF: ~/Documents/Projects/Character Sheets/pages/Languages/US English/Pathfinder/Core/Character Info.ai
Thursday, 23 Mar 2017 22:23:25 GMT (1): Exporting file as PDF: ~/Documents/Projects/Character Sheets/pages/Languages/US English/Pathfinder/Core/Cleric.ai
Thursday, 23 Mar 2017 22:23:26 GMT (1): Exporting file as PDF: ~/Documents/Projects/Character Sheets/pages/Languages/US English/Pathfinder/Core/Combat.ai
Thursday, 23 Mar 2017 22:23:27 GMT (1): Exporting file as PDF: ~/Documents/Projects/Character Sheets/pages/Languages/US English/Pathfinder/Core/Fighter (Ranged).ai
Thursday, 23 Mar 2017 22:23:28 GMT (1): Exporting file as PDF: ~/Documents/Projects/Character Sheets/pages/Languages/US English/Pathfinder/Core/Fighter.ai
Thursday, 23 Mar 2017 22:23:29 GMT (1): Exporting file as PDF: ~/Documents/Projects/Character Sheets/pages/Languages/US English/Pathfinder/Core/Inventory without.ai
Thursday, 23 Mar 2017 22:23:30 GMT (1): Exporting file as PDF: ~/Documents/Projects/Character Sheets/pages/Languages/US English/Pathfinder/Core/Inventory.ai
Thursday, 23 Mar 2017 22:23:31 GMT (1): Exporting file as PDF: ~/Documents/Projects/Character Sheets/pages/Languages/US English/Pathfinder/Core/Paladin.ai
Thursday, 23 Mar 2017 22:23:31 GMT (1): Exporting file as PDF: ~/Documents/Projects/Character Sheets/pages/Languages/US English/Pathfinder/Core/Party Funds.ai
Thursday, 23 Mar 2017 22:23:32 GMT (1): Exporting file as PDF: ~/Documents/Projects/Character Sheets/pages/Languages/US English/Pathfinder/Core/Rogue.ai
Thursday, 23 Mar 2017 22:23:33 GMT (1): Exporting file as PDF: ~/Documents/Projects/Character Sheets/pages/Languages/US English/Pathfinder/Core/Sorcerer.ai
Thursday, 23 Mar 2017 22:23:33 GMT (1): Exporting file as PDF: ~/Documents/Projects/Character Sheets/pages/Languages/US English/Pathfinder/Core/Wizard.ai
Thursday, 23 Mar 2017 22:23:34 GMT (1): Exporting file as PDF: ~/Documents/Projects/Character Sheets/pages/Languages/US English/Pathfinder/Core/Barbarian/Barbarian - Character Info.ai
Thursday, 23 Mar 2017 22:23:35 GMT (0): Sleeping: #220
Thursday, 23 Mar 2017 22:23:40 GMT (1): Exporting file as PDF: ~/Documents/Projects/Character Sheets/pages/Languages/US English/Pathfinder/Core/Barbarian/Barbarian - Combat.ai
Thursday, 23 Mar 2017 22:23:41 GMT (1): Exporting file as PDF: ~/Documents/Projects/Character Sheets/pages/Languages/US English/Pathfinder/Core/Barbarian/Barbarian.ai
Thursday, 23 Mar 2017 22:23:42 GMT (1): Exporting file as PDF: ~/Documents/Projects/Character Sheets/pages/Languages/US English/Pathfinder/Core/Druid/Druid (Animal Companion).ai
Thursday, 23 Mar 2017 22:23:43 GMT (1): Exporting file as PDF: ~/Documents/Projects/Character Sheets/pages/Languages/US English/Pathfinder/Core/Druid/Druid (Domain).ai
Thursday, 23 Mar 2017 22:23:44 GMT (1): Exporting file as PDF: ~/Documents/Projects/Character Sheets/pages/Languages/US English/Pathfinder/Core/Druid/Wild Shape.ai
Thursday, 23 Mar 2017 22:23:45 GMT (1): Exporting file as PDF: ~/Documents/Projects/Character Sheets/pages/Languages/US English/Pathfinder/Core/Monk/Monk - Combat.ai
Thursday, 23 Mar 2017 22:23:46 GMT (1): Exporting file as PDF: ~/Documents/Projects/Character Sheets/pages/Languages/US English/Pathfinder/Core/Monk/Monk.ai
Thursday, 23 Mar 2017 22:23:46 GMT (1): Exporting file as PDF: ~/Documents/Projects/Character Sheets/pages/Languages/US English/Pathfinder/Core/Ranger/Ranger - Archery.ai
Thursday, 23 Mar 2017 22:23:47 GMT (1): Exporting file as PDF: ~/Documents/Projects/Character Sheets/pages/Languages/US English/Pathfinder/Core/Ranger/Ranger - Character Info.ai
Thursday, 23 Mar 2017 22:23:48 GMT (1): Exporting file as PDF: ~/Documents/Projects/Character Sheets/pages/Languages/US English/Pathfinder/Core/Ranger/Ranger - Combat.ai
Thursday, 23 Mar 2017 22:23:49 GMT (1): Exporting file as PDF: ~/Documents/Projects/Character Sheets/pages/Languages/US English/Pathfinder/Core/Ranger/Ranger - Two-weapon fighting.ai
Thursday, 23 Mar 2017 22:23:50 GMT (1): Exporting file as PDF: ~/Documents/Projects/Character Sheets/pages/Languages/US English/Pathfinder/Core/Ranger/Ranger.ai
Thursday, 23 Mar 2017 22:23:50 GMT (1): Exporting file as PDF: ~/Documents/Projects/Character Sheets/pages/Languages/US English/Pathfinder/Extra/Blank Spellcaster - Prepared (Large).ai
Thursday, 23 Mar 2017 22:23:51 GMT (1): Exporting file as PDF: ~/Documents/Projects/Character Sheets/pages/Languages/US English/Pathfinder/Extra/Blank Spellcaster - Prepared (Medium).ai
Thursday, 23 Mar 2017 22:23:52 GMT (1): Exporting file as PDF: ~/Documents/Projects/Character Sheets/pages/Languages/US English/Pathfinder/Extra/Blank Spellcaster - Prepared (Small).ai
Thursday, 23 Mar 2017 22:23:52 GMT (1): Exporting file as PDF: ~/Documents/Projects/Character Sheets/pages/Languages/US English/Pathfinder/Extra/Blank Spellcaster - Spontaneous (Large).ai
Thursday, 23 Mar 2017 22:23:53 GMT (1): Exporting file as PDF: ~/Documents/Projects/Character Sheets/pages/Languages/US English/Pathfinder/Extra/Blank Spellcaster - Spontaneous (Medium).ai
Thursday, 23 Mar 2017 22:23:54 GMT (1): Exporting file as PDF: ~/Documents/Projects/Character Sheets/pages/Languages/US English/Pathfinder/Extra/Blank Spellcaster - Spontaneous (Small).ai
Thursday, 23 Mar 2017 22:23:54 GMT (1): Exporting file as PDF: ~/Documents/Projects/Character Sheets/pages/Languages/US English/Pathfinder/Extra/Character Background - Extra.ai
Thursday, 23 Mar 2017 22:23:55 GMT (1): Exporting file as PDF: ~/Documents/Projects/Character Sheets/pages/Languages/US English/Pathfinder/Extra/Character Background - Pathfinder Society.ai
Thursday, 23 Mar 2017 22:23:56 GMT (0): Sleeping: #240
Thursday, 23 Mar 2017 22:24:01 GMT (1): Exporting file as PDF: ~/Documents/Projects/Character Sheets/pages/Languages/US English/Pathfinder/Extra/Extract Formulae.ai
Thursday, 23 Mar 2017 22:24:02 GMT (1): Exporting file as PDF: ~/Documents/Projects/Character Sheets/pages/Languages/US English/Pathfinder/Extra/Feats.ai
Thursday, 23 Mar 2017 22:24:03 GMT (1): Exporting file as PDF: ~/Documents/Projects/Character Sheets/pages/Languages/US English/Pathfinder/Extra/Intelligent Item.ai
Thursday, 23 Mar 2017 22:24:04 GMT (1): Exporting file as PDF: ~/Documents/Projects/Character Sheets/pages/Languages/US English/Pathfinder/Extra/Lycanthrope.ai
Thursday, 23 Mar 2017 22:24:05 GMT (1): Exporting file as PDF: ~/Documents/Projects/Character Sheets/pages/Languages/US English/Pathfinder/Extra/Mini (Large).ai
Thursday, 23 Mar 2017 22:24:06 GMT (1): Exporting file as PDF: ~/Documents/Projects/Character Sheets/pages/Languages/US English/Pathfinder/Extra/Mini (Medium).ai
Thursday, 23 Mar 2017 22:24:07 GMT (1): Exporting file as PDF: ~/Documents/Projects/Character Sheets/pages/Languages/US English/Pathfinder/Extra/Mini (Small).ai
Thursday, 23 Mar 2017 22:24:08 GMT (1): Exporting file as PDF: ~/Documents/Projects/Character Sheets/pages/Languages/US English/Pathfinder/Extra/Spell Book (Dense).ai
Thursday, 23 Mar 2017 22:24:09 GMT (1): Exporting file as PDF: ~/Documents/Projects/Character Sheets/pages/Languages/US English/Pathfinder/Extra/Spell Book (Large).ai
Thursday, 23 Mar 2017 22:24:10 GMT (1): Exporting file as PDF: ~/Documents/Projects/Character Sheets/pages/Languages/US English/Pathfinder/Extra/Spell Book - Extra.ai
Thursday, 23 Mar 2017 22:24:10 GMT (1): Exporting file as PDF: ~/Documents/Projects/Character Sheets/pages/Languages/US English/Pathfinder/Extra/Spell Book.ai
Thursday, 23 Mar 2017 22:24:11 GMT (1): Exporting file as PDF: ~/Documents/Projects/Character Sheets/pages/Languages/US English/Pathfinder/GM/Build Character.ai
Thursday, 23 Mar 2017 22:24:12 GMT (1): Exporting file as PDF: ~/Documents/Projects/Character Sheets/pages/Languages/US English/Pathfinder/GM/NPC Group.ai
Thursday, 23 Mar 2017 22:24:13 GMT (1): Exporting file as PDF: ~/Documents/Projects/Character Sheets/pages/Languages/US English/Pathfinder/GM/NPC.ai
Thursday, 23 Mar 2017 22:24:14 GMT (1): Exporting file as PDF: ~/Documents/Projects/Character Sheets/pages/Languages/US English/Pathfinder/GM/Party 10.ai
Thursday, 23 Mar 2017 22:24:14 GMT (1): Exporting file as PDF: ~/Documents/Projects/Character Sheets/pages/Languages/US English/Pathfinder/GM/Party 4.ai
Thursday, 23 Mar 2017 22:24:15 GMT (1): Exporting file as PDF: ~/Documents/Projects/Character Sheets/pages/Languages/US English/Pathfinder/GM/Party 5.ai
Thursday, 23 Mar 2017 22:24:16 GMT (1): Exporting file as PDF: ~/Documents/Projects/Character Sheets/pages/Languages/US English/Pathfinder/GM/Party 6.ai
Thursday, 23 Mar 2017 22:24:17 GMT (1): Exporting file as PDF: ~/Documents/Projects/Character Sheets/pages/Languages/US English/Pathfinder/GM/Party 7.ai
Thursday, 23 Mar 2017 22:24:17 GMT (1): Exporting file as PDF: ~/Documents/Projects/Character Sheets/pages/Languages/US English/Pathfinder/GM/Party 8.ai
Thursday, 23 Mar 2017 22:24:18 GMT (0): Sleeping: #260
Thursday, 23 Mar 2017 22:24:23 GMT (1): Exporting file as PDF: ~/Documents/Projects/Character Sheets/pages/Languages/US English/Pathfinder/GM/Party 9.ai
Thursday, 23 Mar 2017 22:24:24 GMT (1): Exporting file as PDF: ~/Documents/Projects/Character Sheets/pages/Languages/US English/Pathfinder/GM/Kingdom/Kingdom finances.ai
Thursday, 23 Mar 2017 22:24:25 GMT (1): Exporting file as PDF: ~/Documents/Projects/Character Sheets/pages/Languages/US English/Pathfinder/GM/Kingdom/Kingdom.ai
Thursday, 23 Mar 2017 22:24:26 GMT (1): Exporting file as PDF: ~/Documents/Projects/Character Sheets/pages/Languages/US English/Pathfinder/GM/Kingdom/Settlement large.ai
Thursday, 23 Mar 2017 22:24:28 GMT (1): Exporting file as PDF: ~/Documents/Projects/Character Sheets/pages/Languages/US English/Pathfinder/GM/Kingdom/Settlement without map.ai
Thursday, 23 Mar 2017 22:24:30 GMT (1): Exporting file as PDF: ~/Documents/Projects/Character Sheets/pages/Languages/US English/Pathfinder/GM/Kingdom/Settlement.ai
Thursday, 23 Mar 2017 22:24:34 GMT (1): Exporting file as PDF: ~/Documents/Projects/Character Sheets/pages/Languages/US English/Pathfinder/Horror/Corruption.ai
Thursday, 23 Mar 2017 22:24:34 GMT (1): Exporting file as PDF: ~/Documents/Projects/Character Sheets/pages/Languages/US English/Pathfinder/Mythic/Archmage.ai
Thursday, 23 Mar 2017 22:24:35 GMT (1): Exporting file as PDF: ~/Documents/Projects/Character Sheets/pages/Languages/US English/Pathfinder/Mythic/Champion.ai
Thursday, 23 Mar 2017 22:24:36 GMT (1): Exporting file as PDF: ~/Documents/Projects/Character Sheets/pages/Languages/US English/Pathfinder/Mythic/Guardian.ai
Thursday, 23 Mar 2017 22:24:37 GMT (1): Exporting file as PDF: ~/Documents/Projects/Character Sheets/pages/Languages/US English/Pathfinder/Mythic/Half Archmage.ai
Thursday, 23 Mar 2017 22:24:38 GMT (1): Exporting file as PDF: ~/Documents/Projects/Character Sheets/pages/Languages/US English/Pathfinder/Mythic/Half Champion.ai
Thursday, 23 Mar 2017 22:24:38 GMT (1): Exporting file as PDF: ~/Documents/Projects/Character Sheets/pages/Languages/US English/Pathfinder/Mythic/Half Guardian.ai
Thursday, 23 Mar 2017 22:24:39 GMT (1): Exporting file as PDF: ~/Documents/Projects/Character Sheets/pages/Languages/US English/Pathfinder/Mythic/Half Hierophant.ai
Thursday, 23 Mar 2017 22:24:39 GMT (1): Exporting file as PDF: ~/Documents/Projects/Character Sheets/pages/Languages/US English/Pathfinder/Mythic/Half Marshal.ai
Thursday, 23 Mar 2017 22:24:40 GMT (1): Exporting file as PDF: ~/Documents/Projects/Character Sheets/pages/Languages/US English/Pathfinder/Mythic/Half Trickster.ai
Thursday, 23 Mar 2017 22:24:41 GMT (1): Exporting file as PDF: ~/Documents/Projects/Character Sheets/pages/Languages/US English/Pathfinder/Mythic/Hierophant.ai
Thursday, 23 Mar 2017 22:24:41 GMT (1): Exporting file as PDF: ~/Documents/Projects/Character Sheets/pages/Languages/US English/Pathfinder/Mythic/Marshal.ai
Thursday, 23 Mar 2017 22:24:42 GMT (1): Exporting file as PDF: ~/Documents/Projects/Character Sheets/pages/Languages/US English/Pathfinder/Mythic/Trickster.ai
Thursday, 23 Mar 2017 22:24:43 GMT (1): Exporting file as PDF: ~/Documents/Projects/Character Sheets/pages/Languages/US English/Pathfinder/NeoExodus/Archetypes/Apothecary.ai
Thursday, 23 Mar 2017 22:24:43 GMT (0): Sleeping: #280
Thursday, 23 Mar 2017 22:24:49 GMT (1): Exporting file as PDF: ~/Documents/Projects/Character Sheets/pages/Languages/US English/Pathfinder/NeoExodus/Archetypes/Cleric of the Kaga.ai
Thursday, 23 Mar 2017 22:24:49 GMT (1): Exporting file as PDF: ~/Documents/Projects/Character Sheets/pages/Languages/US English/Pathfinder/NeoExodus/Archetypes/Janissary.ai
Thursday, 23 Mar 2017 22:24:50 GMT (1): Exporting file as PDF: ~/Documents/Projects/Character Sheets/pages/Languages/US English/Pathfinder/NeoExodus/Archetypes/Barbarian/Fist of the Dragon.ai
Thursday, 23 Mar 2017 22:24:51 GMT (1): Exporting file as PDF: ~/Documents/Projects/Character Sheets/pages/Languages/US English/Pathfinder/NeoExodus/Prestige Classes/High Guard.ai
Thursday, 23 Mar 2017 22:24:52 GMT (1): Exporting file as PDF: ~/Documents/Projects/Character Sheets/pages/Languages/US English/Pathfinder/NeoExodus/Prestige Classes/Imperial Man-at-arms.ai
Thursday, 23 Mar 2017 22:24:53 GMT (1): Exporting file as PDF: ~/Documents/Projects/Character Sheets/pages/Languages/US English/Pathfinder/NeoExodus/Prestige Classes/Khalid Asad.ai
Thursday, 23 Mar 2017 22:24:54 GMT (1): Exporting file as PDF: ~/Documents/Projects/Character Sheets/pages/Languages/US English/Pathfinder/NeoExodus/Prestige Classes/Panther Warrior.ai
Thursday, 23 Mar 2017 22:24:54 GMT (1): Exporting file as PDF: ~/Documents/Projects/Character Sheets/pages/Languages/US English/Pathfinder/NeoExodus/Prestige Classes/Protectorate Artillerist.ai
Thursday, 23 Mar 2017 22:24:55 GMT (1): Exporting file as PDF: ~/Documents/Projects/Character Sheets/pages/Languages/US English/Pathfinder/NeoExodus/Prestige Classes/Wyrdcaster.ai
Thursday, 23 Mar 2017 22:24:56 GMT (1): Exporting file as PDF: ~/Documents/Projects/Character Sheets/pages/Languages/US English/Pathfinder/Occult/Kineticist A more.ai
Thursday, 23 Mar 2017 22:24:57 GMT (1): Exporting file as PDF: ~/Documents/Projects/Character Sheets/pages/Languages/US English/Pathfinder/Occult/Kineticist A.ai
Thursday, 23 Mar 2017 22:24:58 GMT (1): Exporting file as PDF: ~/Documents/Projects/Character Sheets/pages/Languages/US English/Pathfinder/Occult/Kineticist B more.ai
Thursday, 23 Mar 2017 22:24:59 GMT (1): Exporting file as PDF: ~/Documents/Projects/Character Sheets/pages/Languages/US English/Pathfinder/Occult/Kineticist B.ai
Thursday, 23 Mar 2017 22:25:00 GMT (1): Exporting file as PDF: ~/Documents/Projects/Character Sheets/pages/Languages/US English/Pathfinder/Occult/Kineticist.ai
Thursday, 23 Mar 2017 22:25:01 GMT (1): Exporting file as PDF: ~/Documents/Projects/Character Sheets/pages/Languages/US English/Pathfinder/Occult/Medium - Spirits.ai
Thursday, 23 Mar 2017 22:25:02 GMT (1): Exporting file as PDF: ~/Documents/Projects/Character Sheets/pages/Languages/US English/Pathfinder/Occult/Medium.ai
Thursday, 23 Mar 2017 22:25:02 GMT (1): Exporting file as PDF: ~/Documents/Projects/Character Sheets/pages/Languages/US English/Pathfinder/Occult/Mesmerist.ai
Thursday, 23 Mar 2017 22:25:03 GMT (1): Exporting file as PDF: ~/Documents/Projects/Character Sheets/pages/Languages/US English/Pathfinder/Occult/Occultist - Implements 2.ai
Thursday, 23 Mar 2017 22:25:04 GMT (1): Exporting file as PDF: ~/Documents/Projects/Character Sheets/pages/Languages/US English/Pathfinder/Occult/Occultist - Implements.ai
Thursday, 23 Mar 2017 22:25:05 GMT (1): Exporting file as PDF: ~/Documents/Projects/Character Sheets/pages/Languages/US English/Pathfinder/Occult/Occultist.ai
Thursday, 23 Mar 2017 22:25:05 GMT (0): Sleeping: #300
Thursday, 23 Mar 2017 22:25:11 GMT (1): Exporting file as PDF: ~/Documents/Projects/Character Sheets/pages/Languages/US English/Pathfinder/Occult/Psychic.ai
Thursday, 23 Mar 2017 22:25:11 GMT (1): Exporting file as PDF: ~/Documents/Projects/Character Sheets/pages/Languages/US English/Pathfinder/Occult/Spiritualist - Phantom - Combat.ai
Thursday, 23 Mar 2017 22:25:12 GMT (1): Exporting file as PDF: ~/Documents/Projects/Character Sheets/pages/Languages/US English/Pathfinder/Occult/Spiritualist - Phantom.ai
Thursday, 23 Mar 2017 22:25:13 GMT (1): Exporting file as PDF: ~/Documents/Projects/Character Sheets/pages/Languages/US English/Pathfinder/Occult/Spiritualist.ai
Thursday, 23 Mar 2017 22:25:14 GMT (1): Exporting file as PDF: ~/Documents/Projects/Character Sheets/pages/Languages/US English/Pathfinder/Path of War/Stalker.ai
Thursday, 23 Mar 2017 22:25:15 GMT (1): Exporting file as PDF: ~/Documents/Projects/Character Sheets/pages/Languages/US English/Pathfinder/Path of War/Warder.ai
Thursday, 23 Mar 2017 22:25:16 GMT (1): Exporting file as PDF: ~/Documents/Projects/Character Sheets/pages/Languages/US English/Pathfinder/Prestige Classes/Arcane Archer.ai
Thursday, 23 Mar 2017 22:25:17 GMT (1): Exporting file as PDF: ~/Documents/Projects/Character Sheets/pages/Languages/US English/Pathfinder/Prestige Classes/Arcane Trickster.ai
Thursday, 23 Mar 2017 22:25:17 GMT (1): Exporting file as PDF: ~/Documents/Projects/Character Sheets/pages/Languages/US English/Pathfinder/Prestige Classes/Assassin.ai
Thursday, 23 Mar 2017 22:25:18 GMT (1): Exporting file as PDF: ~/Documents/Projects/Character Sheets/pages/Languages/US English/Pathfinder/Prestige Classes/Dragon Disciple.ai
Thursday, 23 Mar 2017 22:25:19 GMT (1): Exporting file as PDF: ~/Documents/Projects/Character Sheets/pages/Languages/US English/Pathfinder/Prestige Classes/Duelist.ai
Thursday, 23 Mar 2017 22:25:19 GMT (1): Exporting file as PDF: ~/Documents/Projects/Character Sheets/pages/Languages/US English/Pathfinder/Prestige Classes/Eldritch Knight.ai
Thursday, 23 Mar 2017 22:25:20 GMT (1): Exporting file as PDF: ~/Documents/Projects/Character Sheets/pages/Languages/US English/Pathfinder/Prestige Classes/Loremaster.ai
Thursday, 23 Mar 2017 22:25:21 GMT (1): Exporting file as PDF: ~/Documents/Projects/Character Sheets/pages/Languages/US English/Pathfinder/Prestige Classes/Mystic Theurge.ai
Thursday, 23 Mar 2017 22:25:22 GMT (1): Exporting file as PDF: ~/Documents/Projects/Character Sheets/pages/Languages/US English/Pathfinder/Prestige Classes/Pathfinder Chronicler - L4.ai
Thursday, 23 Mar 2017 22:25:23 GMT (1): Exporting file as PDF: ~/Documents/Projects/Character Sheets/pages/Languages/US English/Pathfinder/Prestige Classes/Pathfinder Chronicler - L5.ai
Thursday, 23 Mar 2017 22:25:24 GMT (1): Exporting file as PDF: ~/Documents/Projects/Character Sheets/pages/Languages/US English/Pathfinder/Prestige Classes/Pathfinder Chronicler.ai
Thursday, 23 Mar 2017 22:25:25 GMT (1): Exporting file as PDF: ~/Documents/Projects/Character Sheets/pages/Languages/US English/Pathfinder/Prestige Classes/Shadowdancer.ai
Thursday, 23 Mar 2017 22:25:25 GMT (1): Exporting file as PDF: ~/Documents/Projects/Character Sheets/pages/Languages/US English/Pathfinder/Prestige Classes/_Prestige Class.ai
Thursday, 23 Mar 2017 22:25:26 GMT (1): Exporting file as PDF: ~/Documents/Projects/Character Sheets/pages/Languages/US English/Pathfinder/Psionics/Aegis.ai
Thursday, 23 Mar 2017 22:25:27 GMT (0): Sleeping: #320
Thursday, 23 Mar 2017 22:25:32 GMT (1): Exporting file as PDF: ~/Documents/Projects/Character Sheets/pages/Languages/US English/Pathfinder/Psionics/Cryptic.ai
Thursday, 23 Mar 2017 22:25:33 GMT (1): Exporting file as PDF: ~/Documents/Projects/Character Sheets/pages/Languages/US English/Pathfinder/Psionics/Dread.ai
Thursday, 23 Mar 2017 22:25:34 GMT (1): Exporting file as PDF: ~/Documents/Projects/Character Sheets/pages/Languages/US English/Pathfinder/Psionics/Marksman.ai
Thursday, 23 Mar 2017 22:25:35 GMT (1): Exporting file as PDF: ~/Documents/Projects/Character Sheets/pages/Languages/US English/Pathfinder/Psionics/Psion (old).ai
Thursday, 23 Mar 2017 22:25:35 GMT (1): Exporting file as PDF: ~/Documents/Projects/Character Sheets/pages/Languages/US English/Pathfinder/Psionics/Psion.ai
Thursday, 23 Mar 2017 22:25:36 GMT (1): Exporting file as PDF: ~/Documents/Projects/Character Sheets/pages/Languages/US English/Pathfinder/Psionics/Psionics - Character Info.ai
Thursday, 23 Mar 2017 22:25:37 GMT (1): Exporting file as PDF: ~/Documents/Projects/Character Sheets/pages/Languages/US English/Pathfinder/Psionics/Psionics - Inventory.ai
Thursday, 23 Mar 2017 22:25:38 GMT (1): Exporting file as PDF: ~/Documents/Projects/Character Sheets/pages/Languages/US English/Pathfinder/Psionics/Psychic Warrior.ai
Thursday, 23 Mar 2017 22:25:39 GMT (1): Exporting file as PDF: ~/Documents/Projects/Character Sheets/pages/Languages/US English/Pathfinder/Psionics/Soulknife.ai
Thursday, 23 Mar 2017 22:25:39 GMT (1): Exporting file as PDF: ~/Documents/Projects/Character Sheets/pages/Languages/US English/Pathfinder/Psionics/Tactician.ai
Thursday, 23 Mar 2017 22:25:40 GMT (1): Exporting file as PDF: ~/Documents/Projects/Character Sheets/pages/Languages/US English/Pathfinder/Psionics/Vitalist.ai
Thursday, 23 Mar 2017 22:25:41 GMT (1): Exporting file as PDF: ~/Documents/Projects/Character Sheets/pages/Languages/US English/Pathfinder/Psionics/Wilder.ai
Thursday, 23 Mar 2017 22:25:42 GMT (1): Exporting file as PDF: ~/Documents/Projects/Character Sheets/pages/Languages/US English/Pathfinder/Tome of Secrets/Artificer.ai
Thursday, 23 Mar 2017 22:25:43 GMT (1): Exporting file as PDF: ~/Documents/Projects/Character Sheets/pages/Languages/US English/Pathfinder/Tome of Secrets/Priest.ai
Thursday, 23 Mar 2017 22:25:44 GMT (1): Exporting file as PDF: ~/Documents/Projects/Character Sheets/pages/Languages/US English/Pathfinder/Tome of Secrets/Shaman.ai
Thursday, 23 Mar 2017 22:25:45 GMT (1): Exporting file as PDF: ~/Documents/Projects/Character Sheets/pages/Languages/US English/Pathfinder/Tome of Secrets/Witch Hunter.ai
Thursday, 23 Mar 2017 22:25:46 GMT (1): Exporting file as PDF: ~/Documents/Projects/Character Sheets/pages/Languages/US English/Pathfinder/TPK/Deductionist.ai
Thursday, 23 Mar 2017 22:25:46 GMT (1): Exporting file as PDF: ~/Documents/Projects/Character Sheets/pages/Languages/US English/Pathfinder/Ultimate Combat/Gunslinger.ai
Thursday, 23 Mar 2017 22:25:47 GMT (1): Exporting file as PDF: ~/Documents/Projects/Character Sheets/pages/Languages/US English/Pathfinder/Ultimate Combat/Ninja.ai
Thursday, 23 Mar 2017 22:25:48 GMT (1): Exporting file as PDF: ~/Documents/Projects/Character Sheets/pages/Languages/US English/Pathfinder/Ultimate Combat/Ronin.ai
Thursday, 23 Mar 2017 22:25:48 GMT (0): Sleeping: #340
Thursday, 23 Mar 2017 22:25:54 GMT (1): Exporting file as PDF: ~/Documents/Projects/Character Sheets/pages/Languages/US English/Pathfinder/Ultimate Combat/Samurai.ai
Thursday, 23 Mar 2017 22:25:54 GMT (1): Exporting file as PDF: ~/Documents/Projects/Character Sheets/pages/Languages/US English/Pathfinder/Ultimate Intrigue/Avenger.ai
Thursday, 23 Mar 2017 22:25:55 GMT (1): Exporting file as PDF: ~/Documents/Projects/Character Sheets/pages/Languages/US English/Pathfinder/Ultimate Intrigue/Vigilante - Avenger.ai
Thursday, 23 Mar 2017 22:25:56 GMT (1): Exporting file as PDF: ~/Documents/Projects/Character Sheets/pages/Languages/US English/Pathfinder/Ultimate Intrigue/Vigilante - Stalker.ai
Thursday, 23 Mar 2017 22:25:57 GMT (1): Exporting file as PDF: ~/Documents/Projects/Character Sheets/pages/Languages/US English/Pathfinder/Ultimate Magic/Magus.ai
Thursday, 23 Mar 2017 22:25:58 GMT (1): Exporting file as PDF: ~/Documents/Projects/Character Sheets/pages/Languages/US English/Pathfinder/Unchained/Rogue.ai
Thursday, 23 Mar 2017 22:25:59 GMT (1): Exporting file as PDF: ~/Documents/Projects/Character Sheets/pages/Languages/US English/Pathfinder/Unchained/Barbarian/Barbarian - Combat.ai
Thursday, 23 Mar 2017 22:26:00 GMT (1): Exporting file as PDF: ~/Documents/Projects/Character Sheets/pages/Languages/US English/Pathfinder/Unchained/Barbarian/Barbarian.ai
Thursday, 23 Mar 2017 22:26:00 GMT (1): Exporting file as PDF: ~/Documents/Projects/Character Sheets/pages/Languages/US English/Pathfinder/Unchained/Monk/Monk - Combat.ai
Thursday, 23 Mar 2017 22:26:01 GMT (1): Exporting file as PDF: ~/Documents/Projects/Character Sheets/pages/Languages/US English/Pathfinder/Unchained/Monk/Monk.ai
Thursday, 23 Mar 2017 22:26:02 GMT (1): Exporting file as PDF: ~/Documents/Projects/Character Sheets/pages/Languages/US English/Pathfinder/Unchained/Summoner/Eidolon - Combat.ai
Thursday, 23 Mar 2017 22:26:03 GMT (1): Exporting file as PDF: ~/Documents/Projects/Character Sheets/pages/Languages/US English/Pathfinder/Unchained/Summoner/Eidolon.ai
Thursday, 23 Mar 2017 22:26:04 GMT (1): Exporting file as PDF: ~/Documents/Projects/Character Sheets/pages/Languages/US English/Pathfinder/Unchained/Summoner/Summoner.ai
Thursday, 23 Mar 2017 22:26:04 GMT (1): Exporting file as PDF: ~/Documents/Projects/Character Sheets/pages/Languages/US English/Pathfinder/Variant Rules/Wounds and Vigour.ai
Thursday, 23 Mar 2017 22:26:05 GMT (2): Exported 354 files: false, object Object {"354": 354,"0": 0}
Thursday, 23 Mar 2017 22:26:05 GMT (2): Exporting 94 Illustrator files as PDFs: ~/Documents/Projects/Character Sheets/pages/Languages/US English/3.5, object Object {"~/Documents/Projects/Character Sheets/assets/languages/american/": ~/Documents/Projects/Character Sheets/assets/languages/american/dnd35}
Thursday, 23 Mar 2017 22:26:05 GMT (1): Exporting file as PDF: ~/Documents/Projects/Character Sheets/pages/Languages/US English/3.5/Barbarian/Character Info.ai
Thursday, 23 Mar 2017 22:26:06 GMT (1): Exporting file as PDF: ~/Documents/Projects/Character Sheets/pages/Languages/US English/3.5/Barbarian/Combat.ai
Thursday, 23 Mar 2017 22:26:07 GMT (1): Exporting file as PDF: ~/Documents/Projects/Character Sheets/pages/Languages/US English/3.5/Barbarian/Inventory.ai
Thursday, 23 Mar 2017 22:26:08 GMT (1): Exporting file as PDF: ~/Documents/Projects/Character Sheets/pages/Languages/US English/3.5/Core/Animal Companion.ai
Thursday, 23 Mar 2017 22:26:08 GMT (1): Exporting file as PDF: ~/Documents/Projects/Character Sheets/pages/Languages/US English/3.5/Core/Bard.ai
Thursday, 23 Mar 2017 22:26:09 GMT (1): Exporting file as PDF: ~/Documents/Projects/Character Sheets/pages/Languages/US English/3.5/Core/Blank Character Info.ai
Thursday, 23 Mar 2017 22:26:10 GMT (0): Sleeping: #360
Thursday, 23 Mar 2017 22:26:15 GMT (1): Exporting file as PDF: ~/Documents/Projects/Character Sheets/pages/Languages/US English/3.5/Core/Character Info - More.ai
Thursday, 23 Mar 2017 22:26:16 GMT (1): Exporting file as PDF: ~/Documents/Projects/Character Sheets/pages/Languages/US English/3.5/Core/Character Info - simple.ai
Thursday, 23 Mar 2017 22:26:16 GMT (1): Exporting file as PDF: ~/Documents/Projects/Character Sheets/pages/Languages/US English/3.5/Core/Character Info.ai
Thursday, 23 Mar 2017 22:26:17 GMT (1): Exporting file as PDF: ~/Documents/Projects/Character Sheets/pages/Languages/US English/3.5/Core/Cleric.ai
Thursday, 23 Mar 2017 22:26:18 GMT (1): Exporting file as PDF: ~/Documents/Projects/Character Sheets/pages/Languages/US English/3.5/Core/Combat - simple.ai
Thursday, 23 Mar 2017 22:26:19 GMT (1): Exporting file as PDF: ~/Documents/Projects/Character Sheets/pages/Languages/US English/3.5/Core/Combat.ai
Thursday, 23 Mar 2017 22:26:20 GMT (1): Exporting file as PDF: ~/Documents/Projects/Character Sheets/pages/Languages/US English/3.5/Core/Druid.ai
Thursday, 23 Mar 2017 22:26:20 GMT (1): Exporting file as PDF: ~/Documents/Projects/Character Sheets/pages/Languages/US English/3.5/Core/Inventory without.ai
Thursday, 23 Mar 2017 22:26:21 GMT (1): Exporting file as PDF: ~/Documents/Projects/Character Sheets/pages/Languages/US English/3.5/Core/Inventory.ai
Thursday, 23 Mar 2017 22:26:22 GMT (1): Exporting file as PDF: ~/Documents/Projects/Character Sheets/pages/Languages/US English/3.5/Core/Monk.ai
Thursday, 23 Mar 2017 22:26:23 GMT (1): Exporting file as PDF: ~/Documents/Projects/Character Sheets/pages/Languages/US English/3.5/Core/Paladin.ai
Thursday, 23 Mar 2017 22:26:23 GMT (1): Exporting file as PDF: ~/Documents/Projects/Character Sheets/pages/Languages/US English/3.5/Core/Party Funds.ai
Thursday, 23 Mar 2017 22:26:24 GMT (1): Exporting file as PDF: ~/Documents/Projects/Character Sheets/pages/Languages/US English/3.5/Core/Ranger.ai
Thursday, 23 Mar 2017 22:26:25 GMT (1): Exporting file as PDF: ~/Documents/Projects/Character Sheets/pages/Languages/US English/3.5/Core/Sorcerer.ai
Thursday, 23 Mar 2017 22:26:25 GMT (1): Exporting file as PDF: ~/Documents/Projects/Character Sheets/pages/Languages/US English/3.5/Core/Spell Book (Dense).ai
Thursday, 23 Mar 2017 22:26:26 GMT (1): Exporting file as PDF: ~/Documents/Projects/Character Sheets/pages/Languages/US English/3.5/Core/Spell Book (Large).ai
Thursday, 23 Mar 2017 22:26:27 GMT (1): Exporting file as PDF: ~/Documents/Projects/Character Sheets/pages/Languages/US English/3.5/Core/Spell Book.ai
Thursday, 23 Mar 2017 22:26:28 GMT (1): Exporting file as PDF: ~/Documents/Projects/Character Sheets/pages/Languages/US English/3.5/Core/Wild Shape.ai
Thursday, 23 Mar 2017 22:26:29 GMT (1): Exporting file as PDF: ~/Documents/Projects/Character Sheets/pages/Languages/US English/3.5/Core/Wizard.ai
Thursday, 23 Mar 2017 22:26:30 GMT (1): Exporting file as PDF: ~/Documents/Projects/Character Sheets/pages/Languages/US English/3.5/DM/NPC Group.ai
Thursday, 23 Mar 2017 22:26:30 GMT (0): Sleeping: #380
Thursday, 23 Mar 2017 22:26:35 GMT (1): Exporting file as PDF: ~/Documents/Projects/Character Sheets/pages/Languages/US English/3.5/DM/NPC.ai
Thursday, 23 Mar 2017 22:26:36 GMT (1): Exporting file as PDF: ~/Documents/Projects/Character Sheets/pages/Languages/US English/3.5/DM/Party 10.ai
Thursday, 23 Mar 2017 22:26:37 GMT (1): Exporting file as PDF: ~/Documents/Projects/Character Sheets/pages/Languages/US English/3.5/DM/Party 4.ai
Thursday, 23 Mar 2017 22:26:38 GMT (1): Exporting file as PDF: ~/Documents/Projects/Character Sheets/pages/Languages/US English/3.5/DM/Party 5.ai
Thursday, 23 Mar 2017 22:26:38 GMT (1): Exporting file as PDF: ~/Documents/Projects/Character Sheets/pages/Languages/US English/3.5/DM/Party 6.ai
Thursday, 23 Mar 2017 22:26:39 GMT (1): Exporting file as PDF: ~/Documents/Projects/Character Sheets/pages/Languages/US English/3.5/DM/Party 7.ai
Thursday, 23 Mar 2017 22:26:39 GMT (1): Exporting file as PDF: ~/Documents/Projects/Character Sheets/pages/Languages/US English/3.5/DM/Party 8.ai
Thursday, 23 Mar 2017 22:26:40 GMT (1): Exporting file as PDF: ~/Documents/Projects/Character Sheets/pages/Languages/US English/3.5/DM/Party 9.ai
Thursday, 23 Mar 2017 22:26:41 GMT (1): Exporting file as PDF: ~/Documents/Projects/Character Sheets/pages/Languages/US English/3.5/Dragon Compendium/Battle Dancer.ai
Thursday, 23 Mar 2017 22:26:42 GMT (1): Exporting file as PDF: ~/Documents/Projects/Character Sheets/pages/Languages/US English/3.5/Dragon Compendium/Death Master.ai
Thursday, 23 Mar 2017 22:26:43 GMT (1): Exporting file as PDF: ~/Documents/Projects/Character Sheets/pages/Languages/US English/3.5/Dragon Compendium/Jester.ai
Thursday, 23 Mar 2017 22:26:43 GMT (1): Exporting file as PDF: ~/Documents/Projects/Character Sheets/pages/Languages/US English/3.5/Dragon Compendium/Mountebank.ai
Thursday, 23 Mar 2017 22:26:44 GMT (1): Exporting file as PDF: ~/Documents/Projects/Character Sheets/pages/Languages/US English/3.5/Dragon Compendium/Savant.ai
Thursday, 23 Mar 2017 22:26:45 GMT (1): Exporting file as PDF: ~/Documents/Projects/Character Sheets/pages/Languages/US English/3.5/Dragon Compendium/Sha'ir.ai
Thursday, 23 Mar 2017 22:26:46 GMT (1): Exporting file as PDF: ~/Documents/Projects/Character Sheets/pages/Languages/US English/3.5/Dragon Compendium/Urban Druid.ai
Thursday, 23 Mar 2017 22:26:47 GMT (1): Exporting file as PDF: ~/Documents/Projects/Character Sheets/pages/Languages/US English/3.5/Extended/Archivist.ai
Thursday, 23 Mar 2017 22:26:48 GMT (1): Exporting file as PDF: ~/Documents/Projects/Character Sheets/pages/Languages/US English/3.5/Extended/Artificer.ai
Thursday, 23 Mar 2017 22:26:49 GMT (1): Exporting file as PDF: ~/Documents/Projects/Character Sheets/pages/Languages/US English/3.5/Extended/Beguiler.ai
Thursday, 23 Mar 2017 22:26:49 GMT (1): Exporting file as PDF: ~/Documents/Projects/Character Sheets/pages/Languages/US English/3.5/Extended/Blank Spellcaster 2.ai
Thursday, 23 Mar 2017 22:26:50 GMT (1): Exporting file as PDF: ~/Documents/Projects/Character Sheets/pages/Languages/US English/3.5/Extended/Blank Spellcaster 3.ai
Thursday, 23 Mar 2017 22:26:51 GMT (0): Sleeping: #400
Thursday, 23 Mar 2017 22:26:56 GMT (1): Exporting file as PDF: ~/Documents/Projects/Character Sheets/pages/Languages/US English/3.5/Extended/Blank Spellcaster.ai
Thursday, 23 Mar 2017 22:26:57 GMT (1): Exporting file as PDF: ~/Documents/Projects/Character Sheets/pages/Languages/US English/3.5/Extended/Character Background.ai
Thursday, 23 Mar 2017 22:26:57 GMT (1): Exporting file as PDF: ~/Documents/Projects/Character Sheets/pages/Languages/US English/3.5/Extended/Dragon Shaman.ai
Thursday, 23 Mar 2017 22:26:58 GMT (1): Exporting file as PDF: ~/Documents/Projects/Character Sheets/pages/Languages/US English/3.5/Extended/Dragonfire Adept.ai
Thursday, 23 Mar 2017 22:26:59 GMT (1): Exporting file as PDF: ~/Documents/Projects/Character Sheets/pages/Languages/US English/3.5/Extended/Dread Necromancer.ai
Thursday, 23 Mar 2017 22:27:00 GMT (1): Exporting file as PDF: ~/Documents/Projects/Character Sheets/pages/Languages/US English/3.5/Extended/Duskblade.ai
Thursday, 23 Mar 2017 22:27:01 GMT (1): Exporting file as PDF: ~/Documents/Projects/Character Sheets/pages/Languages/US English/3.5/Extended/Extended Cleric.ai
Thursday, 23 Mar 2017 22:27:02 GMT (1): Exporting file as PDF: ~/Documents/Projects/Character Sheets/pages/Languages/US English/3.5/Extended/Extended Paladin.ai
Thursday, 23 Mar 2017 22:27:03 GMT (1): Exporting file as PDF: ~/Documents/Projects/Character Sheets/pages/Languages/US English/3.5/Extended/Factotum.ai
Thursday, 23 Mar 2017 22:27:03 GMT (1): Exporting file as PDF: ~/Documents/Projects/Character Sheets/pages/Languages/US English/3.5/Extended/Favoured Soul.ai
Thursday, 23 Mar 2017 22:27:04 GMT (1): Exporting file as PDF: ~/Documents/Projects/Character Sheets/pages/Languages/US English/3.5/Extended/Hexblade.ai
Thursday, 23 Mar 2017 22:27:05 GMT (1): Exporting file as PDF: ~/Documents/Projects/Character Sheets/pages/Languages/US English/3.5/Extended/Ninja.ai
Thursday, 23 Mar 2017 22:27:06 GMT (1): Exporting file as PDF: ~/Documents/Projects/Character Sheets/pages/Languages/US English/3.5/Extended/Scout.ai
Thursday, 23 Mar 2017 22:27:06 GMT (1): Exporting file as PDF: ~/Documents/Projects/Character Sheets/pages/Languages/US English/3.5/Extended/Shugenja.ai
Thursday, 23 Mar 2017 22:27:07 GMT (1): Exporting file as PDF: ~/Documents/Projects/Character Sheets/pages/Languages/US English/3.5/Extended/Spellthief.ai
Thursday, 23 Mar 2017 22:27:08 GMT (1): Exporting file as PDF: ~/Documents/Projects/Character Sheets/pages/Languages/US English/3.5/Extended/Spirit Shaman.ai
Thursday, 23 Mar 2017 22:27:09 GMT (1): Exporting file as PDF: ~/Documents/Projects/Character Sheets/pages/Languages/US English/3.5/Extended/Warlock.ai
Thursday, 23 Mar 2017 22:27:09 GMT (1): Exporting file as PDF: ~/Documents/Projects/Character Sheets/pages/Languages/US English/3.5/Extended/Warmage.ai
Thursday, 23 Mar 2017 22:27:10 GMT (1): Exporting file as PDF: ~/Documents/Projects/Character Sheets/pages/Languages/US English/3.5/Extended/Wu Jen.ai
Thursday, 23 Mar 2017 22:27:11 GMT (1): Exporting file as PDF: ~/Documents/Projects/Character Sheets/pages/Languages/US English/3.5/Extra/Lycanthrope.ai
Thursday, 23 Mar 2017 22:27:12 GMT (0): Sleeping: #420
Thursday, 23 Mar 2017 22:27:17 GMT (1): Exporting file as PDF: ~/Documents/Projects/Character Sheets/pages/Languages/US English/3.5/Extra/Mini (Large).ai
Thursday, 23 Mar 2017 22:27:18 GMT (1): Exporting file as PDF: ~/Documents/Projects/Character Sheets/pages/Languages/US English/3.5/Extra/Mini (Medium).ai
Thursday, 23 Mar 2017 22:27:19 GMT (1): Exporting file as PDF: ~/Documents/Projects/Character Sheets/pages/Languages/US English/3.5/Extra/Mini (Small).ai
Thursday, 23 Mar 2017 22:27:20 GMT (1): Exporting file as PDF: ~/Documents/Projects/Character Sheets/pages/Languages/US English/3.5/Incarnum/Incarnate.ai
Thursday, 23 Mar 2017 22:27:21 GMT (1): Exporting file as PDF: ~/Documents/Projects/Character Sheets/pages/Languages/US English/3.5/Incarnum/Soulborn.ai
Thursday, 23 Mar 2017 22:27:21 GMT (1): Exporting file as PDF: ~/Documents/Projects/Character Sheets/pages/Languages/US English/3.5/Incarnum/Totemist.ai
Thursday, 23 Mar 2017 22:27:22 GMT (1): Exporting file as PDF: ~/Documents/Projects/Character Sheets/pages/Languages/US English/3.5/Psionics/Ardent.ai
Thursday, 23 Mar 2017 22:27:23 GMT (1): Exporting file as PDF: ~/Documents/Projects/Character Sheets/pages/Languages/US English/3.5/Psionics/Divine Mind.ai
Thursday, 23 Mar 2017 22:27:24 GMT (1): Exporting file as PDF: ~/Documents/Projects/Character Sheets/pages/Languages/US English/3.5/Psionics/Lurk.ai
Thursday, 23 Mar 2017 22:27:25 GMT (1): Exporting file as PDF: ~/Documents/Projects/Character Sheets/pages/Languages/US English/3.5/Psionics/Psicrystal.ai
Thursday, 23 Mar 2017 22:27:26 GMT (1): Exporting file as PDF: ~/Documents/Projects/Character Sheets/pages/Languages/US English/3.5/Psionics/Psion.ai
Thursday, 23 Mar 2017 22:27:26 GMT (1): Exporting file as PDF: ~/Documents/Projects/Character Sheets/pages/Languages/US English/3.5/Psionics/Psionic Combat.ai
Thursday, 23 Mar 2017 22:27:27 GMT (1): Exporting file as PDF: ~/Documents/Projects/Character Sheets/pages/Languages/US English/3.5/Psionics/Psionic Inventory.ai
Thursday, 23 Mar 2017 22:27:28 GMT (1): Exporting file as PDF: ~/Documents/Projects/Character Sheets/pages/Languages/US English/3.5/Psionics/Psychic Warrior.ai
Thursday, 23 Mar 2017 22:27:29 GMT (1): Exporting file as PDF: ~/Documents/Projects/Character Sheets/pages/Languages/US English/3.5/Psionics/Soulknife v2.ai
Thursday, 23 Mar 2017 22:27:29 GMT (1): Exporting file as PDF: ~/Documents/Projects/Character Sheets/pages/Languages/US English/3.5/Psionics/Soulknife.ai
Thursday, 23 Mar 2017 22:27:30 GMT (1): Exporting file as PDF: ~/Documents/Projects/Character Sheets/pages/Languages/US English/3.5/Psionics/Wilder.ai
Thursday, 23 Mar 2017 22:27:31 GMT (1): Exporting file as PDF: ~/Documents/Projects/Character Sheets/pages/Languages/US English/3.5/Tomes/Anima Mage.ai
Thursday, 23 Mar 2017 22:27:32 GMT (1): Exporting file as PDF: ~/Documents/Projects/Character Sheets/pages/Languages/US English/3.5/Tomes/Binder (More Vestiges).ai
Thursday, 23 Mar 2017 22:27:33 GMT (1): Exporting file as PDF: ~/Documents/Projects/Character Sheets/pages/Languages/US English/3.5/Tomes/Binder.ai
Thursday, 23 Mar 2017 22:27:33 GMT (0): Sleeping: #440
Thursday, 23 Mar 2017 22:27:38 GMT (1): Exporting file as PDF: ~/Documents/Projects/Character Sheets/pages/Languages/US English/3.5/Tomes/Blank Tome of Battle.ai
Thursday, 23 Mar 2017 22:27:39 GMT (1): Exporting file as PDF: ~/Documents/Projects/Character Sheets/pages/Languages/US English/3.5/Tomes/Crusader.ai
Thursday, 23 Mar 2017 22:27:40 GMT (1): Exporting file as PDF: ~/Documents/Projects/Character Sheets/pages/Languages/US English/3.5/Tomes/Shadowcaster.ai
Thursday, 23 Mar 2017 22:27:41 GMT (1): Exporting file as PDF: ~/Documents/Projects/Character Sheets/pages/Languages/US English/3.5/Tomes/Swordsage.ai
Thursday, 23 Mar 2017 22:27:41 GMT (1): Exporting file as PDF: ~/Documents/Projects/Character Sheets/pages/Languages/US English/3.5/Tomes/Truenamer.ai
Thursday, 23 Mar 2017 22:27:42 GMT (1): Exporting file as PDF: ~/Documents/Projects/Character Sheets/pages/Languages/US English/3.5/Tomes/Warblade.ai
Thursday, 23 Mar 2017 22:27:43 GMT (1): Exporting file as PDF: ~/Documents/Projects/Character Sheets/pages/Languages/US English/3.5/Variants/Focused Specialist Wizard.ai
Thursday, 23 Mar 2017 22:27:44 GMT (1): Exporting file as PDF: ~/Documents/Projects/Character Sheets/pages/Languages/US English/3.5/Variants/Sorcerer + Metamagic.ai
Thursday, 23 Mar 2017 22:27:44 GMT (2): Exported 94 files: false, object Object {"94": 94,"0": 0}
Thursday, 23 Mar 2017 22:27:44 GMT (2): Exporting 7 Illustrator files as PDFs: ~/Documents/Projects/Character Sheets/pages/Languages/US English/All, object Object {"~/Documents/Projects/Character Sheets/assets/languages/american/": ~/Documents/Projects/Character Sheets/assets/languages/american/pathfinder}
Thursday, 23 Mar 2017 22:27:45 GMT (1): Exporting file as PDF: ~/Documents/Projects/Character Sheets/pages/Languages/US English/All/Extra/Character Background.ai
Thursday, 23 Mar 2017 22:27:45 GMT (1): Exporting file as PDF: ~/Documents/Projects/Character Sheets/pages/Languages/US English/All/GM/Mini Inventory 2.ai
Thursday, 23 Mar 2017 22:27:46 GMT (1): Exporting file as PDF: ~/Documents/Projects/Character Sheets/pages/Languages/US English/All/GM/Mini Inventory 4.ai
Thursday, 23 Mar 2017 22:27:47 GMT (1): Exporting file as PDF: ~/Documents/Projects/Character Sheets/pages/Languages/US English/All/GM/Notes.ai
Thursday, 23 Mar 2017 22:27:47 GMT (1): Exporting file as PDF: ~/Documents/Projects/Character Sheets/pages/Languages/US English/All/GM/Timeline (Landscape).ai
Thursday, 23 Mar 2017 22:27:48 GMT (1): Exporting file as PDF: ~/Documents/Projects/Character Sheets/pages/Languages/US English/All/GM/Timeline (Portrait - continued).ai
Thursday, 23 Mar 2017 22:27:49 GMT (1): Exporting file as PDF: ~/Documents/Projects/Character Sheets/pages/Languages/US English/All/GM/Timeline (Portrait).ai
Thursday, 23 Mar 2017 22:27:49 GMT (2): Exported 7 files: false, object Object {"7": 7,"0": 0}
Thursday, 23 Mar 2017 22:27:49 GMT (2): Exporting 7 Illustrator files as PDFs: ~/Documents/Projects/Character Sheets/pages/Languages/US English/All, object Object {"~/Documents/Projects/Character Sheets/assets/languages/american/": ~/Documents/Projects/Character Sheets/assets/languages/american/dnd35}
Thursday, 23 Mar 2017 22:27:49 GMT (1): Exporting file as PDF: ~/Documents/Projects/Character Sheets/pages/Languages/US English/All/Extra/Character Background.ai
Thursday, 23 Mar 2017 22:27:50 GMT (1): Exporting file as PDF: ~/Documents/Projects/Character Sheets/pages/Languages/US English/All/GM/Mini Inventory 2.ai
Thursday, 23 Mar 2017 22:27:51 GMT (1): Exporting file as PDF: ~/Documents/Projects/Character Sheets/pages/Languages/US English/All/GM/Mini Inventory 4.ai
Thursday, 23 Mar 2017 22:27:51 GMT (1): Exporting file as PDF: ~/Documents/Projects/Character Sheets/pages/Languages/US English/All/GM/Notes.ai
Thursday, 23 Mar 2017 22:27:52 GMT (1): Exporting file as PDF: ~/Documents/Projects/Character Sheets/pages/Languages/US English/All/GM/Timeline (Landscape).ai
Thursday, 23 Mar 2017 22:27:52 GMT (0): Sleeping: #460
Thursday, 23 Mar 2017 22:27:58 GMT (1): Exporting file as PDF: ~/Documents/Projects/Character Sheets/pages/Languages/US English/All/GM/Timeline (Portrait - continued).ai
Thursday, 23 Mar 2017 22:27:58 GMT (1): Exporting file as PDF: ~/Documents/Projects/Character Sheets/pages/Languages/US English/All/GM/Timeline (Portrait).ai
Thursday, 23 Mar 2017 22:27:58 GMT (2): Exported 7 files: false, object Object {"7": 7,"0": 0}
